[ 2018-01-28 16:25:45 -- [92m   Info[0m ] id: [92m81e919edaeb910062f5ea0cef8ee4cd6[0m
[ 2018-01-28 16:25:45 -- [92m   Info[0m ] is_private: [92mfalse[0m
[ 2018-01-28 16:25:45 -- [92m   Info[0m ] public url: [92m127.0.0.1[0m:[92m4002[0m
---- 222
[ 2018-01-28 16:25:45 -- [92m   Info[0m ] loaded blockchain's size: [96m1[0m
[ 2018-01-28 16:25:45 -- [33mWarning[0m ] no database has been specified
[ 2018-01-28 16:25:45 -- [92m   Info[0m ] connecting to [92m127.0.0.1[0m:[92m4000[0m
[ 2018-01-28 16:25:45 -- [92m   Info[0m ] start running Sushi's node on [92m0.0.0.0[0m:[92m4002[0m
[ 2018-01-28 16:25:45 -- [92m   Info[0m ] network type: [92mtestnet[0m
[ 2018-01-28 16:25:45 -- [92m   Info[0m ] successfully connected: f5f8652e0caf23499f6e3857602f477a (1)
[ 2018-01-28 16:25:45 -- [92m   Info[0m ] connecting to [92m127.0.0.1[0m:[92m4001[0m
[ 2018-01-28 16:25:45 -- [92m   Info[0m ] successfully connected: 983be7187e84cd1c681de338098f9f80 (2)
[ 2018-01-28 16:25:47 -- [92m   Info[0m ] new miner: [92mVDBlZDNlNzIxYzM1MzU3ODY3MTM1MDcyZWM5Mzk5ODc1YWQ1MmM2YjliNWYxOTJh[0m (1)
[ 2018-01-28 16:25:47 -- [92m   Info[0m ] new miner: [92mVDBlZDNlNzIxYzM1MzU3ODY3MTM1MDcyZWM5Mzk5ODc1YWQ1MmM2YjliNWYxOTJh[0m (2)
[ 2018-01-28 16:25:48 -- [92m   Info[0m ] miner VDBlZDNlNzIxYzM1MzU3ODY3MTM1MDcyZWM5Mzk5ODc1YWQ1MmM2YjliNWYxOTJh found nonce (1)
[ 2018-01-28 16:25:48 -- [92m   Info[0m ] miner VDBlZDNlNzIxYzM1MzU3ODY3MTM1MDcyZWM5Mzk5ODc1YWQ1MmM2YjliNWYxOTJh found nonce (2)
[ 2018-01-28 16:25:48 -- [92m   Info[0m ] miner VDBlZDNlNzIxYzM1MzU3ODY3MTM1MDcyZWM5Mzk5ODc1YWQ1MmM2YjliNWYxOTJh found nonce (3)
---- 222
[ 2018-01-28 16:25:49 -- [92m   Info[0m ] new block coming: [96m2[0m
[ 2018-01-28 16:25:49 -- [92m   Info[0m ] broadcast a block to miners
[ 2018-01-28 16:25:49 -- [92m   Info[0m ] recieved block >> total: [96m1[0m, new block: [96m1[0m, conflict: [96m0[0m, sync chain: [96m0[0m, older block: [96m0[0m
[ 2018-01-28 16:25:49 -- [92m   Info[0m ] miner VDBlZDNlNzIxYzM1MzU3ODY3MTM1MDcyZWM5Mzk5ODc1YWQ1MmM2YjliNWYxOTJh found nonce (4)
[ 2018-01-28 16:25:49 -- [92m   Info[0m ] miner VDBlZDNlNzIxYzM1MzU3ODY3MTM1MDcyZWM5Mzk5ODc1YWQ1MmM2YjliNWYxOTJh found nonce (1)
[ 2018-01-28 16:25:49 -- [92m   Info[0m ] miner VDBlZDNlNzIxYzM1MzU3ODY3MTM1MDcyZWM5Mzk5ODc1YWQ1MmM2YjliNWYxOTJh found nonce (5)
[ 2018-01-28 16:25:51 -- [92m   Info[0m ] miner VDBlZDNlNzIxYzM1MzU3ODY3MTM1MDcyZWM5Mzk5ODc1YWQ1MmM2YjliNWYxOTJh found nonce (6)
[ 2018-01-28 16:25:51 -- [92m   Info[0m ] miner VDBlZDNlNzIxYzM1MzU3ODY3MTM1MDcyZWM5Mzk5ODc1YWQ1MmM2YjliNWYxOTJh found nonce (2)
---- 222
[ 2018-01-28 16:25:51 -- [92m   Info[0m ] found new nonce: [92m4496011769213168149[0m (2)
[ 2018-01-28 16:25:51 -- [92m   Info[0m ] broadcast a block to miners
[ 2018-01-28 16:25:51 -- [92m   Info[0m ] miner VDBlZDNlNzIxYzM1MzU3ODY3MTM1MDcyZWM5Mzk5ODc1YWQ1MmM2YjliNWYxOTJh found nonce (1)
[ 2018-01-28 16:25:51 -- [92m   Info[0m ] miner VDBlZDNlNzIxYzM1MzU3ODY3MTM1MDcyZWM5Mzk5ODc1YWQ1MmM2YjliNWYxOTJh found nonce (2)
[ 2018-01-28 16:25:51 -- [92m   Info[0m ] miner VDBlZDNlNzIxYzM1MzU3ODY3MTM1MDcyZWM5Mzk5ODc1YWQ1MmM2YjliNWYxOTJh found nonce (3)
[ 2018-01-28 16:25:51 -- [92m   Info[0m ] miner VDBlZDNlNzIxYzM1MzU3ODY3MTM1MDcyZWM5Mzk5ODc1YWQ1MmM2YjliNWYxOTJh found nonce (4)
[ 2018-01-28 16:25:52 -- [92m   Info[0m ] miner VDBlZDNlNzIxYzM1MzU3ODY3MTM1MDcyZWM5Mzk5ODc1YWQ1MmM2YjliNWYxOTJh found nonce (5)
[ 2018-01-28 16:25:52 -- [92m   Info[0m ] miner VDBlZDNlNzIxYzM1MzU3ODY3MTM1MDcyZWM5Mzk5ODc1YWQ1MmM2YjliNWYxOTJh found nonce (1)
[ 2018-01-28 16:25:52 -- [92m   Info[0m ] miner VDBlZDNlNzIxYzM1MzU3ODY3MTM1MDcyZWM5Mzk5ODc1YWQ1MmM2YjliNWYxOTJh found nonce (6)
[ 2018-01-28 16:25:52 -- [92m   Info[0m ] miner VDBlZDNlNzIxYzM1MzU3ODY3MTM1MDcyZWM5Mzk5ODc1YWQ1MmM2YjliNWYxOTJh found nonce (7)
[ 2018-01-28 16:25:52 -- [92m   Info[0m ] miner VDBlZDNlNzIxYzM1MzU3ODY3MTM1MDcyZWM5Mzk5ODc1YWQ1MmM2YjliNWYxOTJh found nonce (8)
[ 2018-01-28 16:25:53 -- [92m   Info[0m ] miner VDBlZDNlNzIxYzM1MzU3ODY3MTM1MDcyZWM5Mzk5ODc1YWQ1MmM2YjliNWYxOTJh found nonce (2)
[ 2018-01-28 16:25:53 -- [92m   Info[0m ] miner VDBlZDNlNzIxYzM1MzU3ODY3MTM1MDcyZWM5Mzk5ODc1YWQ1MmM2YjliNWYxOTJh found nonce (3)
[ 2018-01-28 16:25:53 -- [92m   Info[0m ] miner VDBlZDNlNzIxYzM1MzU3ODY3MTM1MDcyZWM5Mzk5ODc1YWQ1MmM2YjliNWYxOTJh found nonce (4)
[ 2018-01-28 16:25:53 -- [92m   Info[0m ] miner VDBlZDNlNzIxYzM1MzU3ODY3MTM1MDcyZWM5Mzk5ODc1YWQ1MmM2YjliNWYxOTJh found nonce (9)
[ 2018-01-28 16:25:53 -- [92m   Info[0m ] miner VDBlZDNlNzIxYzM1MzU3ODY3MTM1MDcyZWM5Mzk5ODc1YWQ1MmM2YjliNWYxOTJh found nonce (5)
[ 2018-01-28 16:25:53 -- [92m   Info[0m ] miner VDBlZDNlNzIxYzM1MzU3ODY3MTM1MDcyZWM5Mzk5ODc1YWQ1MmM2YjliNWYxOTJh found nonce (6)
[ 2018-01-28 16:25:53 -- [92m   Info[0m ] miner VDBlZDNlNzIxYzM1MzU3ODY3MTM1MDcyZWM5Mzk5ODc1YWQ1MmM2YjliNWYxOTJh found nonce (7)
[ 2018-01-28 16:25:53 -- [92m   Info[0m ] miner VDBlZDNlNzIxYzM1MzU3ODY3MTM1MDcyZWM5Mzk5ODc1YWQ1MmM2YjliNWYxOTJh found nonce (8)
[ 2018-01-28 16:25:53 -- [92m   Info[0m ] miner VDBlZDNlNzIxYzM1MzU3ODY3MTM1MDcyZWM5Mzk5ODc1YWQ1MmM2YjliNWYxOTJh found nonce (9)
[ 2018-01-28 16:25:54 -- [92m   Info[0m ] miner VDBlZDNlNzIxYzM1MzU3ODY3MTM1MDcyZWM5Mzk5ODc1YWQ1MmM2YjliNWYxOTJh found nonce (10)
[ 2018-01-28 16:25:54 -- [92m   Info[0m ] miner VDBlZDNlNzIxYzM1MzU3ODY3MTM1MDcyZWM5Mzk5ODc1YWQ1MmM2YjliNWYxOTJh found nonce (10)
[ 2018-01-28 16:25:54 -- [92m   Info[0m ] miner VDBlZDNlNzIxYzM1MzU3ODY3MTM1MDcyZWM5Mzk5ODc1YWQ1MmM2YjliNWYxOTJh found nonce (11)
[ 2018-01-28 16:25:54 -- [92m   Info[0m ] miner VDBlZDNlNzIxYzM1MzU3ODY3MTM1MDcyZWM5Mzk5ODc1YWQ1MmM2YjliNWYxOTJh found nonce (12)
[ 2018-01-28 16:25:54 -- [92m   Info[0m ] miner VDBlZDNlNzIxYzM1MzU3ODY3MTM1MDcyZWM5Mzk5ODc1YWQ1MmM2YjliNWYxOTJh found nonce (11)
---- 222
[ 2018-01-28 16:25:54 -- [92m   Info[0m ] found new nonce: [92m9856498003121013886[0m (3)
[ 2018-01-28 16:25:54 -- [92m   Info[0m ] broadcast a block to miners
[ 2018-01-28 16:25:54 -- [92m   Info[0m ] miner VDBlZDNlNzIxYzM1MzU3ODY3MTM1MDcyZWM5Mzk5ODc1YWQ1MmM2YjliNWYxOTJh found nonce (1)
[ 2018-01-28 16:25:54 -- [92m   Info[0m ] miner VDBlZDNlNzIxYzM1MzU3ODY3MTM1MDcyZWM5Mzk5ODc1YWQ1MmM2YjliNWYxOTJh found nonce (2)
---- 222
[ 2018-01-28 16:25:54 -- [92m   Info[0m ] new block coming: [96m5[0m
[ 2018-01-28 16:25:54 -- [92m   Info[0m ] broadcast a block to miners
[ 2018-01-28 16:25:54 -- [92m   Info[0m ] recieved block >> total: [96m2[0m, new block: [96m2[0m, conflict: [96m0[0m, sync chain: [96m0[0m, older block: [96m0[0m
[ 2018-01-28 16:25:54 -- [33mWarning[0m ] recieved nonce is invalid, try to update latest block
[ 2018-01-28 16:25:55 -- [92m   Info[0m ] miner VDBlZDNlNzIxYzM1MzU3ODY3MTM1MDcyZWM5Mzk5ODc1YWQ1MmM2YjliNWYxOTJh found nonce (1)
[ 2018-01-28 16:25:55 -- [92m   Info[0m ] miner VDBlZDNlNzIxYzM1MzU3ODY3MTM1MDcyZWM5Mzk5ODc1YWQ1MmM2YjliNWYxOTJh found nonce (3)
[ 2018-01-28 16:25:55 -- [92m   Info[0m ] miner VDBlZDNlNzIxYzM1MzU3ODY3MTM1MDcyZWM5Mzk5ODc1YWQ1MmM2YjliNWYxOTJh found nonce (2)
[ 2018-01-28 16:25:55 -- [92m   Info[0m ] miner VDBlZDNlNzIxYzM1MzU3ODY3MTM1MDcyZWM5Mzk5ODc1YWQ1MmM2YjliNWYxOTJh found nonce (3)
[ 2018-01-28 16:25:55 -- [92m   Info[0m ] miner VDBlZDNlNzIxYzM1MzU3ODY3MTM1MDcyZWM5Mzk5ODc1YWQ1MmM2YjliNWYxOTJh found nonce (4)
[ 2018-01-28 16:25:55 -- [92m   Info[0m ] miner VDBlZDNlNzIxYzM1MzU3ODY3MTM1MDcyZWM5Mzk5ODc1YWQ1MmM2YjliNWYxOTJh found nonce (4)
[ 2018-01-28 16:25:56 -- [92m   Info[0m ] miner VDBlZDNlNzIxYzM1MzU3ODY3MTM1MDcyZWM5Mzk5ODc1YWQ1MmM2YjliNWYxOTJh found nonce (5)
[ 2018-01-28 16:25:56 -- [92m   Info[0m ] miner VDBlZDNlNzIxYzM1MzU3ODY3MTM1MDcyZWM5Mzk5ODc1YWQ1MmM2YjliNWYxOTJh found nonce (6)
[ 2018-01-28 16:25:56 -- [92m   Info[0m ] miner VDBlZDNlNzIxYzM1MzU3ODY3MTM1MDcyZWM5Mzk5ODc1YWQ1MmM2YjliNWYxOTJh found nonce (7)
[ 2018-01-28 16:25:56 -- [92m   Info[0m ] miner VDBlZDNlNzIxYzM1MzU3ODY3MTM1MDcyZWM5Mzk5ODc1YWQ1MmM2YjliNWYxOTJh found nonce (8)
[ 2018-01-28 16:25:56 -- [92m   Info[0m ] miner VDBlZDNlNzIxYzM1MzU3ODY3MTM1MDcyZWM5Mzk5ODc1YWQ1MmM2YjliNWYxOTJh found nonce (5)
[ 2018-01-28 16:25:57 -- [92m   Info[0m ] miner VDBlZDNlNzIxYzM1MzU3ODY3MTM1MDcyZWM5Mzk5ODc1YWQ1MmM2YjliNWYxOTJh found nonce (6)
[ 2018-01-28 16:25:57 -- [92m   Info[0m ] miner VDBlZDNlNzIxYzM1MzU3ODY3MTM1MDcyZWM5Mzk5ODc1YWQ1MmM2YjliNWYxOTJh found nonce (9)
[ 2018-01-28 16:25:57 -- [92m   Info[0m ] miner VDBlZDNlNzIxYzM1MzU3ODY3MTM1MDcyZWM5Mzk5ODc1YWQ1MmM2YjliNWYxOTJh found nonce (7)
---- 222
[ 2018-01-28 16:25:57 -- [92m   Info[0m ] found new nonce: [92m10787913569173520927[0m (5)
[ 2018-01-28 16:25:57 -- [92m   Info[0m ] broadcast a block to miners
[ 2018-01-28 16:25:57 -- [33mWarning[0m ] recieved nonce is invalid, try to update latest block
[ 2018-01-28 16:25:58 -- [92m   Info[0m ] miner VDBlZDNlNzIxYzM1MzU3ODY3MTM1MDcyZWM5Mzk5ODc1YWQ1MmM2YjliNWYxOTJh found nonce (1)
[ 2018-01-28 16:25:58 -- [92m   Info[0m ] miner VDBlZDNlNzIxYzM1MzU3ODY3MTM1MDcyZWM5Mzk5ODc1YWQ1MmM2YjliNWYxOTJh found nonce (2)
[ 2018-01-28 16:25:59 -- [92m   Info[0m ] miner VDBlZDNlNzIxYzM1MzU3ODY3MTM1MDcyZWM5Mzk5ODc1YWQ1MmM2YjliNWYxOTJh found nonce (3)
[ 2018-01-28 16:25:59 -- [92m   Info[0m ] miner VDBlZDNlNzIxYzM1MzU3ODY3MTM1MDcyZWM5Mzk5ODc1YWQ1MmM2YjliNWYxOTJh found nonce (4)
[ 2018-01-28 16:25:59 -- [92m   Info[0m ] miner VDBlZDNlNzIxYzM1MzU3ODY3MTM1MDcyZWM5Mzk5ODc1YWQ1MmM2YjliNWYxOTJh found nonce (1)
---- 222
[ 2018-01-28 16:25:59 -- [92m   Info[0m ] new block coming: [96m7[0m
[ 2018-01-28 16:25:59 -- [92m   Info[0m ] broadcast a block to miners
[ 2018-01-28 16:25:59 -- [92m   Info[0m ] recieved block >> total: [96m3[0m, new block: [96m3[0m, conflict: [96m0[0m, sync chain: [96m0[0m, older block: [96m0[0m
[ 2018-01-28 16:26:00 -- [92m   Info[0m ] miner VDBlZDNlNzIxYzM1MzU3ODY3MTM1MDcyZWM5Mzk5ODc1YWQ1MmM2YjliNWYxOTJh found nonce (5)
[ 2018-01-28 16:26:00 -- [92m   Info[0m ] miner VDBlZDNlNzIxYzM1MzU3ODY3MTM1MDcyZWM5Mzk5ODc1YWQ1MmM2YjliNWYxOTJh found nonce (2)
[ 2018-01-28 16:26:00 -- [92m   Info[0m ] miner VDBlZDNlNzIxYzM1MzU3ODY3MTM1MDcyZWM5Mzk5ODc1YWQ1MmM2YjliNWYxOTJh found nonce (6)
[ 2018-01-28 16:26:00 -- [92m   Info[0m ] miner VDBlZDNlNzIxYzM1MzU3ODY3MTM1MDcyZWM5Mzk5ODc1YWQ1MmM2YjliNWYxOTJh found nonce (7)
[ 2018-01-28 16:26:00 -- [92m   Info[0m ] miner VDBlZDNlNzIxYzM1MzU3ODY3MTM1MDcyZWM5Mzk5ODc1YWQ1MmM2YjliNWYxOTJh found nonce (3)
[ 2018-01-28 16:26:01 -- [92m   Info[0m ] miner VDBlZDNlNzIxYzM1MzU3ODY3MTM1MDcyZWM5Mzk5ODc1YWQ1MmM2YjliNWYxOTJh found nonce (4)
---- 222
[ 2018-01-28 16:26:01 -- [92m   Info[0m ] new block coming: [96m8[0m
[ 2018-01-28 16:26:01 -- [92m   Info[0m ] broadcast a block to miners
[ 2018-01-28 16:26:01 -- [92m   Info[0m ] recieved block >> total: [96m4[0m, new block: [96m4[0m, conflict: [96m0[0m, sync chain: [96m0[0m, older block: [96m0[0m
[ 2018-01-28 16:26:01 -- [92m   Info[0m ] miner VDBlZDNlNzIxYzM1MzU3ODY3MTM1MDcyZWM5Mzk5ODc1YWQ1MmM2YjliNWYxOTJh found nonce (5)
[ 2018-01-28 16:26:01 -- [92m   Info[0m ] miner VDBlZDNlNzIxYzM1MzU3ODY3MTM1MDcyZWM5Mzk5ODc1YWQ1MmM2YjliNWYxOTJh found nonce (6)
[ 2018-01-28 16:26:01 -- [92m   Info[0m ] miner VDBlZDNlNzIxYzM1MzU3ODY3MTM1MDcyZWM5Mzk5ODc1YWQ1MmM2YjliNWYxOTJh found nonce (8)
[ 2018-01-28 16:26:01 -- [92m   Info[0m ] miner VDBlZDNlNzIxYzM1MzU3ODY3MTM1MDcyZWM5Mzk5ODc1YWQ1MmM2YjliNWYxOTJh found nonce (9)
[ 2018-01-28 16:26:02 -- [92m   Info[0m ] miner VDBlZDNlNzIxYzM1MzU3ODY3MTM1MDcyZWM5Mzk5ODc1YWQ1MmM2YjliNWYxOTJh found nonce (10)
[ 2018-01-28 16:26:02 -- [92m   Info[0m ] miner VDBlZDNlNzIxYzM1MzU3ODY3MTM1MDcyZWM5Mzk5ODc1YWQ1MmM2YjliNWYxOTJh found nonce (7)
[ 2018-01-28 16:26:02 -- [92m   Info[0m ] miner VDBlZDNlNzIxYzM1MzU3ODY3MTM1MDcyZWM5Mzk5ODc1YWQ1MmM2YjliNWYxOTJh found nonce (11)
[ 2018-01-28 16:26:02 -- [92m   Info[0m ] miner VDBlZDNlNzIxYzM1MzU3ODY3MTM1MDcyZWM5Mzk5ODc1YWQ1MmM2YjliNWYxOTJh found nonce (8)
[ 2018-01-28 16:26:02 -- [92m   Info[0m ] miner VDBlZDNlNzIxYzM1MzU3ODY3MTM1MDcyZWM5Mzk5ODc1YWQ1MmM2YjliNWYxOTJh found nonce (12)
[ 2018-01-28 16:26:02 -- [92m   Info[0m ] miner VDBlZDNlNzIxYzM1MzU3ODY3MTM1MDcyZWM5Mzk5ODc1YWQ1MmM2YjliNWYxOTJh found nonce (13)
[ 2018-01-28 16:26:03 -- [92m   Info[0m ] miner VDBlZDNlNzIxYzM1MzU3ODY3MTM1MDcyZWM5Mzk5ODc1YWQ1MmM2YjliNWYxOTJh found nonce (9)
[ 2018-01-28 16:26:03 -- [92m   Info[0m ] miner VDBlZDNlNzIxYzM1MzU3ODY3MTM1MDcyZWM5Mzk5ODc1YWQ1MmM2YjliNWYxOTJh found nonce (10)
[ 2018-01-28 16:26:03 -- [92m   Info[0m ] miner VDBlZDNlNzIxYzM1MzU3ODY3MTM1MDcyZWM5Mzk5ODc1YWQ1MmM2YjliNWYxOTJh found nonce (14)
[ 2018-01-28 16:26:03 -- [92m   Info[0m ] miner VDBlZDNlNzIxYzM1MzU3ODY3MTM1MDcyZWM5Mzk5ODc1YWQ1MmM2YjliNWYxOTJh found nonce (11)
[ 2018-01-28 16:26:03 -- [92m   Info[0m ] miner VDBlZDNlNzIxYzM1MzU3ODY3MTM1MDcyZWM5Mzk5ODc1YWQ1MmM2YjliNWYxOTJh found nonce (12)
---- 222
[ 2018-01-28 16:26:03 -- [92m   Info[0m ] new block coming: [96m9[0m
[ 2018-01-28 16:26:03 -- [92m   Info[0m ] broadcast a block to miners
[ 2018-01-28 16:26:03 -- [92m   Info[0m ] recieved block >> total: [96m5[0m, new block: [96m5[0m, conflict: [96m0[0m, sync chain: [96m0[0m, older block: [96m0[0m
[ 2018-01-28 16:26:04 -- [92m   Info[0m ] miner VDBlZDNlNzIxYzM1MzU3ODY3MTM1MDcyZWM5Mzk5ODc1YWQ1MmM2YjliNWYxOTJh found nonce (15)
[ 2018-01-28 16:26:04 -- [92m   Info[0m ] miner VDBlZDNlNzIxYzM1MzU3ODY3MTM1MDcyZWM5Mzk5ODc1YWQ1MmM2YjliNWYxOTJh found nonce (13)
[ 2018-01-28 16:26:04 -- [92m   Info[0m ] miner VDBlZDNlNzIxYzM1MzU3ODY3MTM1MDcyZWM5Mzk5ODc1YWQ1MmM2YjliNWYxOTJh found nonce (16)
[ 2018-01-28 16:26:04 -- [92m   Info[0m ] miner VDBlZDNlNzIxYzM1MzU3ODY3MTM1MDcyZWM5Mzk5ODc1YWQ1MmM2YjliNWYxOTJh found nonce (17)
[ 2018-01-28 16:26:04 -- [92m   Info[0m ] miner VDBlZDNlNzIxYzM1MzU3ODY3MTM1MDcyZWM5Mzk5ODc1YWQ1MmM2YjliNWYxOTJh found nonce (14)
---- 222
[ 2018-01-28 16:26:04 -- [92m   Info[0m ] found new nonce: [92m1367363091930430727[0m (9)
[ 2018-01-28 16:26:04 -- [92m   Info[0m ] broadcast a block to miners
[ 2018-01-28 16:26:04 -- [92m   Info[0m ] miner VDBlZDNlNzIxYzM1MzU3ODY3MTM1MDcyZWM5Mzk5ODc1YWQ1MmM2YjliNWYxOTJh found nonce (1)
[ 2018-01-28 16:26:04 -- [92m   Info[0m ] miner VDBlZDNlNzIxYzM1MzU3ODY3MTM1MDcyZWM5Mzk5ODc1YWQ1MmM2YjliNWYxOTJh found nonce (2)
[ 2018-01-28 16:26:04 -- [92m   Info[0m ] miner VDBlZDNlNzIxYzM1MzU3ODY3MTM1MDcyZWM5Mzk5ODc1YWQ1MmM2YjliNWYxOTJh found nonce (1)
[ 2018-01-28 16:26:05 -- [92m   Info[0m ] miner VDBlZDNlNzIxYzM1MzU3ODY3MTM1MDcyZWM5Mzk5ODc1YWQ1MmM2YjliNWYxOTJh found nonce (3)
[ 2018-01-28 16:26:05 -- [92m   Info[0m ] miner VDBlZDNlNzIxYzM1MzU3ODY3MTM1MDcyZWM5Mzk5ODc1YWQ1MmM2YjliNWYxOTJh found nonce (2)
[ 2018-01-28 16:26:05 -- [92m   Info[0m ] miner VDBlZDNlNzIxYzM1MzU3ODY3MTM1MDcyZWM5Mzk5ODc1YWQ1MmM2YjliNWYxOTJh found nonce (3)
[ 2018-01-28 16:26:05 -- [92m   Info[0m ] miner VDBlZDNlNzIxYzM1MzU3ODY3MTM1MDcyZWM5Mzk5ODc1YWQ1MmM2YjliNWYxOTJh found nonce (4)
[ 2018-01-28 16:26:05 -- [92m   Info[0m ] miner VDBlZDNlNzIxYzM1MzU3ODY3MTM1MDcyZWM5Mzk5ODc1YWQ1MmM2YjliNWYxOTJh found nonce (4)
[ 2018-01-28 16:26:06 -- [92m   Info[0m ] miner VDBlZDNlNzIxYzM1MzU3ODY3MTM1MDcyZWM5Mzk5ODc1YWQ1MmM2YjliNWYxOTJh found nonce (5)
[ 2018-01-28 16:26:06 -- [92m   Info[0m ] miner VDBlZDNlNzIxYzM1MzU3ODY3MTM1MDcyZWM5Mzk5ODc1YWQ1MmM2YjliNWYxOTJh found nonce (6)
[ 2018-01-28 16:26:06 -- [92m   Info[0m ] miner VDBlZDNlNzIxYzM1MzU3ODY3MTM1MDcyZWM5Mzk5ODc1YWQ1MmM2YjliNWYxOTJh found nonce (5)
---- 222
[ 2018-01-28 16:26:06 -- [92m   Info[0m ] found new nonce: [92m13230252982285673601[0m (10)
[ 2018-01-28 16:26:06 -- [92m   Info[0m ] broadcast a block to miners
[ 2018-01-28 16:26:06 -- [92m   Info[0m ] miner VDBlZDNlNzIxYzM1MzU3ODY3MTM1MDcyZWM5Mzk5ODc1YWQ1MmM2YjliNWYxOTJh found nonce (1)
[ 2018-01-28 16:26:06 -- [92m   Info[0m ] miner VDBlZDNlNzIxYzM1MzU3ODY3MTM1MDcyZWM5Mzk5ODc1YWQ1MmM2YjliNWYxOTJh found nonce (1)
[ 2018-01-28 16:26:06 -- [92m   Info[0m ] miner VDBlZDNlNzIxYzM1MzU3ODY3MTM1MDcyZWM5Mzk5ODc1YWQ1MmM2YjliNWYxOTJh found nonce (2)
[ 2018-01-28 16:26:07 -- [92m   Info[0m ] miner VDBlZDNlNzIxYzM1MzU3ODY3MTM1MDcyZWM5Mzk5ODc1YWQ1MmM2YjliNWYxOTJh found nonce (3)
[ 2018-01-28 16:26:07 -- [92m   Info[0m ] miner VDBlZDNlNzIxYzM1MzU3ODY3MTM1MDcyZWM5Mzk5ODc1YWQ1MmM2YjliNWYxOTJh found nonce (4)
[ 2018-01-28 16:26:07 -- [92m   Info[0m ] miner VDBlZDNlNzIxYzM1MzU3ODY3MTM1MDcyZWM5Mzk5ODc1YWQ1MmM2YjliNWYxOTJh found nonce (2)
[ 2018-01-28 16:26:07 -- [92m   Info[0m ] miner VDBlZDNlNzIxYzM1MzU3ODY3MTM1MDcyZWM5Mzk5ODc1YWQ1MmM2YjliNWYxOTJh found nonce (3)
[ 2018-01-28 16:26:07 -- [92m   Info[0m ] miner VDBlZDNlNzIxYzM1MzU3ODY3MTM1MDcyZWM5Mzk5ODc1YWQ1MmM2YjliNWYxOTJh found nonce (5)
[ 2018-01-28 16:26:07 -- [92m   Info[0m ] miner VDBlZDNlNzIxYzM1MzU3ODY3MTM1MDcyZWM5Mzk5ODc1YWQ1MmM2YjliNWYxOTJh found nonce (6)
[ 2018-01-28 16:26:07 -- [92m   Info[0m ] miner VDBlZDNlNzIxYzM1MzU3ODY3MTM1MDcyZWM5Mzk5ODc1YWQ1MmM2YjliNWYxOTJh found nonce (7)
[ 2018-01-28 16:26:08 -- [92m   Info[0m ] miner VDBlZDNlNzIxYzM1MzU3ODY3MTM1MDcyZWM5Mzk5ODc1YWQ1MmM2YjliNWYxOTJh found nonce (8)
---- 222
[ 2018-01-28 16:26:08 -- [92m   Info[0m ] new block coming: [96m12[0m
[ 2018-01-28 16:26:08 -- [92m   Info[0m ] broadcast a block to miners
[ 2018-01-28 16:26:08 -- [92m   Info[0m ] recieved block >> total: [96m6[0m, new block: [96m6[0m, conflict: [96m0[0m, sync chain: [96m0[0m, older block: [96m0[0m
[ 2018-01-28 16:26:08 -- [92m   Info[0m ] miner VDBlZDNlNzIxYzM1MzU3ODY3MTM1MDcyZWM5Mzk5ODc1YWQ1MmM2YjliNWYxOTJh found nonce (9)
---- 222
[ 2018-01-28 16:26:08 -- [92m   Info[0m ] found new nonce: [92m6953061454692142414[0m (12)
[ 2018-01-28 16:26:08 -- [92m   Info[0m ] broadcast a block to miners
[ 2018-01-28 16:26:08 -- [33mWarning[0m ] recieved nonce is invalid, try to update latest block
[ 2018-01-28 16:26:08 -- [92m   Info[0m ] miner VDBlZDNlNzIxYzM1MzU3ODY3MTM1MDcyZWM5Mzk5ODc1YWQ1MmM2YjliNWYxOTJh found nonce (1)
[ 2018-01-28 16:26:09 -- [92m   Info[0m ] miner VDBlZDNlNzIxYzM1MzU3ODY3MTM1MDcyZWM5Mzk5ODc1YWQ1MmM2YjliNWYxOTJh found nonce (1)
[ 2018-01-28 16:26:09 -- [92m   Info[0m ] miner VDBlZDNlNzIxYzM1MzU3ODY3MTM1MDcyZWM5Mzk5ODc1YWQ1MmM2YjliNWYxOTJh found nonce (2)
[ 2018-01-28 16:26:09 -- [92m   Info[0m ] miner VDBlZDNlNzIxYzM1MzU3ODY3MTM1MDcyZWM5Mzk5ODc1YWQ1MmM2YjliNWYxOTJh found nonce (3)
[ 2018-01-28 16:26:09 -- [92m   Info[0m ] miner VDBlZDNlNzIxYzM1MzU3ODY3MTM1MDcyZWM5Mzk5ODc1YWQ1MmM2YjliNWYxOTJh found nonce (2)
[ 2018-01-28 16:26:10 -- [92m   Info[0m ] miner VDBlZDNlNzIxYzM1MzU3ODY3MTM1MDcyZWM5Mzk5ODc1YWQ1MmM2YjliNWYxOTJh found nonce (4)
[ 2018-01-28 16:26:10 -- [92m   Info[0m ] miner VDBlZDNlNzIxYzM1MzU3ODY3MTM1MDcyZWM5Mzk5ODc1YWQ1MmM2YjliNWYxOTJh found nonce (5)
[ 2018-01-28 16:26:10 -- [92m   Info[0m ] miner VDBlZDNlNzIxYzM1MzU3ODY3MTM1MDcyZWM5Mzk5ODc1YWQ1MmM2YjliNWYxOTJh found nonce (3)
[ 2018-01-28 16:26:10 -- [92m   Info[0m ] miner VDBlZDNlNzIxYzM1MzU3ODY3MTM1MDcyZWM5Mzk5ODc1YWQ1MmM2YjliNWYxOTJh found nonce (4)
[ 2018-01-28 16:26:10 -- [92m   Info[0m ] miner VDBlZDNlNzIxYzM1MzU3ODY3MTM1MDcyZWM5Mzk5ODc1YWQ1MmM2YjliNWYxOTJh found nonce (6)
[ 2018-01-28 16:26:10 -- [92m   Info[0m ] miner VDBlZDNlNzIxYzM1MzU3ODY3MTM1MDcyZWM5Mzk5ODc1YWQ1MmM2YjliNWYxOTJh found nonce (7)
[ 2018-01-28 16:26:10 -- [92m   Info[0m ] miner VDBlZDNlNzIxYzM1MzU3ODY3MTM1MDcyZWM5Mzk5ODc1YWQ1MmM2YjliNWYxOTJh found nonce (5)
[ 2018-01-28 16:26:11 -- [92m   Info[0m ] miner VDBlZDNlNzIxYzM1MzU3ODY3MTM1MDcyZWM5Mzk5ODc1YWQ1MmM2YjliNWYxOTJh found nonce (6)
[ 2018-01-28 16:26:11 -- [92m   Info[0m ] miner VDBlZDNlNzIxYzM1MzU3ODY3MTM1MDcyZWM5Mzk5ODc1YWQ1MmM2YjliNWYxOTJh found nonce (8)
[ 2018-01-28 16:26:11 -- [92m   Info[0m ] miner VDBlZDNlNzIxYzM1MzU3ODY3MTM1MDcyZWM5Mzk5ODc1YWQ1MmM2YjliNWYxOTJh found nonce (9)
[ 2018-01-28 16:26:11 -- [92m   Info[0m ] miner VDBlZDNlNzIxYzM1MzU3ODY3MTM1MDcyZWM5Mzk5ODc1YWQ1MmM2YjliNWYxOTJh found nonce (7)
[ 2018-01-28 16:26:11 -- [92m   Info[0m ] miner VDBlZDNlNzIxYzM1MzU3ODY3MTM1MDcyZWM5Mzk5ODc1YWQ1MmM2YjliNWYxOTJh found nonce (10)
---- 222
[ 2018-01-28 16:26:11 -- [92m   Info[0m ] found new nonce: [92m5682873291744163069[0m (13)
[ 2018-01-28 16:26:11 -- [92m   Info[0m ] broadcast a block to miners
[ 2018-01-28 16:26:12 -- [92m   Info[0m ] miner VDBlZDNlNzIxYzM1MzU3ODY3MTM1MDcyZWM5Mzk5ODc1YWQ1MmM2YjliNWYxOTJh found nonce (1)
[ 2018-01-28 16:26:12 -- [92m   Info[0m ] miner VDBlZDNlNzIxYzM1MzU3ODY3MTM1MDcyZWM5Mzk5ODc1YWQ1MmM2YjliNWYxOTJh found nonce (1)
[ 2018-01-28 16:26:12 -- [92m   Info[0m ] miner VDBlZDNlNzIxYzM1MzU3ODY3MTM1MDcyZWM5Mzk5ODc1YWQ1MmM2YjliNWYxOTJh found nonce (2)
[ 2018-01-28 16:26:12 -- [92m   Info[0m ] miner VDBlZDNlNzIxYzM1MzU3ODY3MTM1MDcyZWM5Mzk5ODc1YWQ1MmM2YjliNWYxOTJh found nonce (3)
---- 222
[ 2018-01-28 16:26:12 -- [92m   Info[0m ] found new nonce: [92m14565501324537723404[0m (14)
[ 2018-01-28 16:26:12 -- [92m   Info[0m ] broadcast a block to miners
[ 2018-01-28 16:26:12 -- [92m   Info[0m ] miner VDBlZDNlNzIxYzM1MzU3ODY3MTM1MDcyZWM5Mzk5ODc1YWQ1MmM2YjliNWYxOTJh found nonce (1)
[ 2018-01-28 16:26:12 -- [92m   Info[0m ] miner VDBlZDNlNzIxYzM1MzU3ODY3MTM1MDcyZWM5Mzk5ODc1YWQ1MmM2YjliNWYxOTJh found nonce (2)
[ 2018-01-28 16:26:13 -- [92m   Info[0m ] miner VDBlZDNlNzIxYzM1MzU3ODY3MTM1MDcyZWM5Mzk5ODc1YWQ1MmM2YjliNWYxOTJh found nonce (3)
---- 222
[ 2018-01-28 16:26:13 -- [92m   Info[0m ] new block coming: [96m16[0m
[ 2018-01-28 16:26:13 -- [92m   Info[0m ] broadcast a block to miners
[ 2018-01-28 16:26:13 -- [92m   Info[0m ] recieved block >> total: [96m7[0m, new block: [96m7[0m, conflict: [96m0[0m, sync chain: [96m0[0m, older block: [96m0[0m
[ 2018-01-28 16:26:13 -- [33mWarning[0m ] recieved nonce is invalid, try to update latest block
[ 2018-01-28 16:26:13 -- [92m   Info[0m ] miner VDBlZDNlNzIxYzM1MzU3ODY3MTM1MDcyZWM5Mzk5ODc1YWQ1MmM2YjliNWYxOTJh found nonce (1)
[ 2018-01-28 16:26:13 -- [92m   Info[0m ] miner VDBlZDNlNzIxYzM1MzU3ODY3MTM1MDcyZWM5Mzk5ODc1YWQ1MmM2YjliNWYxOTJh found nonce (2)
[ 2018-01-28 16:26:14 -- [92m   Info[0m ] miner VDBlZDNlNzIxYzM1MzU3ODY3MTM1MDcyZWM5Mzk5ODc1YWQ1MmM2YjliNWYxOTJh found nonce (3)
[ 2018-01-28 16:26:14 -- [92m   Info[0m ] miner VDBlZDNlNzIxYzM1MzU3ODY3MTM1MDcyZWM5Mzk5ODc1YWQ1MmM2YjliNWYxOTJh found nonce (4)
[ 2018-01-28 16:26:14 -- [92m   Info[0m ] miner VDBlZDNlNzIxYzM1MzU3ODY3MTM1MDcyZWM5Mzk5ODc1YWQ1MmM2YjliNWYxOTJh found nonce (4)
[ 2018-01-28 16:26:14 -- [92m   Info[0m ] miner VDBlZDNlNzIxYzM1MzU3ODY3MTM1MDcyZWM5Mzk5ODc1YWQ1MmM2YjliNWYxOTJh found nonce (5)
[ 2018-01-28 16:26:15 -- [92m   Info[0m ] miner VDBlZDNlNzIxYzM1MzU3ODY3MTM1MDcyZWM5Mzk5ODc1YWQ1MmM2YjliNWYxOTJh found nonce (6)
[ 2018-01-28 16:26:15 -- [92m   Info[0m ] miner VDBlZDNlNzIxYzM1MzU3ODY3MTM1MDcyZWM5Mzk5ODc1YWQ1MmM2YjliNWYxOTJh found nonce (5)
---- 222
[ 2018-01-28 16:26:15 -- [92m   Info[0m ] new block coming: [96m17[0m
[ 2018-01-28 16:26:15 -- [92m   Info[0m ] broadcast a block to miners
[ 2018-01-28 16:26:15 -- [92m   Info[0m ] recieved block >> total: [96m8[0m, new block: [96m8[0m, conflict: [96m0[0m, sync chain: [96m0[0m, older block: [96m0[0m
[ 2018-01-28 16:26:15 -- [92m   Info[0m ] miner VDBlZDNlNzIxYzM1MzU3ODY3MTM1MDcyZWM5Mzk5ODc1YWQ1MmM2YjliNWYxOTJh found nonce (6)
---- 222
[ 2018-01-28 16:26:16 -- [92m   Info[0m ] new block coming: [96m18[0m
[ 2018-01-28 16:26:16 -- [92m   Info[0m ] broadcast a block to miners
[ 2018-01-28 16:26:16 -- [92m   Info[0m ] recieved block >> total: [96m9[0m, new block: [96m9[0m, conflict: [96m0[0m, sync chain: [96m0[0m, older block: [96m0[0m
[ 2018-01-28 16:26:16 -- [92m   Info[0m ] miner VDBlZDNlNzIxYzM1MzU3ODY3MTM1MDcyZWM5Mzk5ODc1YWQ1MmM2YjliNWYxOTJh found nonce (7)
[ 2018-01-28 16:26:16 -- [92m   Info[0m ] miner VDBlZDNlNzIxYzM1MzU3ODY3MTM1MDcyZWM5Mzk5ODc1YWQ1MmM2YjliNWYxOTJh found nonce (7)
[ 2018-01-28 16:26:17 -- [92m   Info[0m ] miner VDBlZDNlNzIxYzM1MzU3ODY3MTM1MDcyZWM5Mzk5ODc1YWQ1MmM2YjliNWYxOTJh found nonce (8)
[ 2018-01-28 16:26:17 -- [92m   Info[0m ] miner VDBlZDNlNzIxYzM1MzU3ODY3MTM1MDcyZWM5Mzk5ODc1YWQ1MmM2YjliNWYxOTJh found nonce (9)
[ 2018-01-28 16:26:17 -- [92m   Info[0m ] miner VDBlZDNlNzIxYzM1MzU3ODY3MTM1MDcyZWM5Mzk5ODc1YWQ1MmM2YjliNWYxOTJh found nonce (8)
[ 2018-01-28 16:26:17 -- [92m   Info[0m ] miner VDBlZDNlNzIxYzM1MzU3ODY3MTM1MDcyZWM5Mzk5ODc1YWQ1MmM2YjliNWYxOTJh found nonce (9)
[ 2018-01-28 16:26:18 -- [92m   Info[0m ] miner VDBlZDNlNzIxYzM1MzU3ODY3MTM1MDcyZWM5Mzk5ODc1YWQ1MmM2YjliNWYxOTJh found nonce (10)
[ 2018-01-28 16:26:18 -- [92m   Info[0m ] miner VDBlZDNlNzIxYzM1MzU3ODY3MTM1MDcyZWM5Mzk5ODc1YWQ1MmM2YjliNWYxOTJh found nonce (10)
[ 2018-01-28 16:26:18 -- [92m   Info[0m ] miner VDBlZDNlNzIxYzM1MzU3ODY3MTM1MDcyZWM5Mzk5ODc1YWQ1MmM2YjliNWYxOTJh found nonce (11)
[ 2018-01-28 16:26:18 -- [92m   Info[0m ] miner VDBlZDNlNzIxYzM1MzU3ODY3MTM1MDcyZWM5Mzk5ODc1YWQ1MmM2YjliNWYxOTJh found nonce (12)
[ 2018-01-28 16:26:19 -- [92m   Info[0m ] miner VDBlZDNlNzIxYzM1MzU3ODY3MTM1MDcyZWM5Mzk5ODc1YWQ1MmM2YjliNWYxOTJh found nonce (11)
[ 2018-01-28 16:26:20 -- [92m   Info[0m ] miner VDBlZDNlNzIxYzM1MzU3ODY3MTM1MDcyZWM5Mzk5ODc1YWQ1MmM2YjliNWYxOTJh found nonce (13)
[ 2018-01-28 16:26:20 -- [92m   Info[0m ] miner VDBlZDNlNzIxYzM1MzU3ODY3MTM1MDcyZWM5Mzk5ODc1YWQ1MmM2YjliNWYxOTJh found nonce (12)
---- 222
[ 2018-01-28 16:26:20 -- [92m   Info[0m ] found new nonce: [92m9864146739660440763[0m (18)
[ 2018-01-28 16:26:20 -- [92m   Info[0m ] broadcast a block to miners
[ 2018-01-28 16:26:20 -- [92m   Info[0m ] miner VDBlZDNlNzIxYzM1MzU3ODY3MTM1MDcyZWM5Mzk5ODc1YWQ1MmM2YjliNWYxOTJh found nonce (1)
[ 2018-01-28 16:26:20 -- [92m   Info[0m ] miner VDBlZDNlNzIxYzM1MzU3ODY3MTM1MDcyZWM5Mzk5ODc1YWQ1MmM2YjliNWYxOTJh found nonce (2)
---- 222
[ 2018-01-28 16:26:20 -- [92m   Info[0m ] found new nonce: [92m14833130352356426265[0m (19)
[ 2018-01-28 16:26:20 -- [92m   Info[0m ] broadcast a block to miners
[ 2018-01-28 16:26:20 -- [92m   Info[0m ] miner VDBlZDNlNzIxYzM1MzU3ODY3MTM1MDcyZWM5Mzk5ODc1YWQ1MmM2YjliNWYxOTJh found nonce (1)
[ 2018-01-28 16:26:21 -- [92m   Info[0m ] miner VDBlZDNlNzIxYzM1MzU3ODY3MTM1MDcyZWM5Mzk5ODc1YWQ1MmM2YjliNWYxOTJh found nonce (2)
[ 2018-01-28 16:26:21 -- [92m   Info[0m ] miner VDBlZDNlNzIxYzM1MzU3ODY3MTM1MDcyZWM5Mzk5ODc1YWQ1MmM2YjliNWYxOTJh found nonce (3)
[ 2018-01-28 16:26:21 -- [92m   Info[0m ] miner VDBlZDNlNzIxYzM1MzU3ODY3MTM1MDcyZWM5Mzk5ODc1YWQ1MmM2YjliNWYxOTJh found nonce (1)
[ 2018-01-28 16:26:21 -- [92m   Info[0m ] miner VDBlZDNlNzIxYzM1MzU3ODY3MTM1MDcyZWM5Mzk5ODc1YWQ1MmM2YjliNWYxOTJh found nonce (2)
[ 2018-01-28 16:26:21 -- [92m   Info[0m ] miner VDBlZDNlNzIxYzM1MzU3ODY3MTM1MDcyZWM5Mzk5ODc1YWQ1MmM2YjliNWYxOTJh found nonce (3)
[ 2018-01-28 16:26:21 -- [92m   Info[0m ] miner VDBlZDNlNzIxYzM1MzU3ODY3MTM1MDcyZWM5Mzk5ODc1YWQ1MmM2YjliNWYxOTJh found nonce (4)
[ 2018-01-28 16:26:21 -- [92m   Info[0m ] miner VDBlZDNlNzIxYzM1MzU3ODY3MTM1MDcyZWM5Mzk5ODc1YWQ1MmM2YjliNWYxOTJh found nonce (5)
[ 2018-01-28 16:26:22 -- [92m   Info[0m ] miner VDBlZDNlNzIxYzM1MzU3ODY3MTM1MDcyZWM5Mzk5ODc1YWQ1MmM2YjliNWYxOTJh found nonce (4)
[ 2018-01-28 16:26:22 -- [92m   Info[0m ] miner VDBlZDNlNzIxYzM1MzU3ODY3MTM1MDcyZWM5Mzk5ODc1YWQ1MmM2YjliNWYxOTJh found nonce (6)
[ 2018-01-28 16:26:22 -- [92m   Info[0m ] miner VDBlZDNlNzIxYzM1MzU3ODY3MTM1MDcyZWM5Mzk5ODc1YWQ1MmM2YjliNWYxOTJh found nonce (7)
[ 2018-01-28 16:26:22 -- [92m   Info[0m ] miner VDBlZDNlNzIxYzM1MzU3ODY3MTM1MDcyZWM5Mzk5ODc1YWQ1MmM2YjliNWYxOTJh found nonce (8)
[ 2018-01-28 16:26:23 -- [92m   Info[0m ] miner VDBlZDNlNzIxYzM1MzU3ODY3MTM1MDcyZWM5Mzk5ODc1YWQ1MmM2YjliNWYxOTJh found nonce (9)
[ 2018-01-28 16:26:23 -- [92m   Info[0m ] miner VDBlZDNlNzIxYzM1MzU3ODY3MTM1MDcyZWM5Mzk5ODc1YWQ1MmM2YjliNWYxOTJh found nonce (10)
[ 2018-01-28 16:26:23 -- [92m   Info[0m ] miner VDBlZDNlNzIxYzM1MzU3ODY3MTM1MDcyZWM5Mzk5ODc1YWQ1MmM2YjliNWYxOTJh found nonce (11)
---- 222
[ 2018-01-28 16:26:23 -- [92m   Info[0m ] found new nonce: [92m1847684206393788515[0m (20)
[ 2018-01-28 16:26:23 -- [92m   Info[0m ] broadcast a block to miners
[ 2018-01-28 16:26:24 -- [92m   Info[0m ] miner VDBlZDNlNzIxYzM1MzU3ODY3MTM1MDcyZWM5Mzk5ODc1YWQ1MmM2YjliNWYxOTJh found nonce (1)
[ 2018-01-28 16:26:24 -- [92m   Info[0m ] miner VDBlZDNlNzIxYzM1MzU3ODY3MTM1MDcyZWM5Mzk5ODc1YWQ1MmM2YjliNWYxOTJh found nonce (1)
[ 2018-01-28 16:26:24 -- [92m   Info[0m ] miner VDBlZDNlNzIxYzM1MzU3ODY3MTM1MDcyZWM5Mzk5ODc1YWQ1MmM2YjliNWYxOTJh found nonce (2)
[ 2018-01-28 16:26:24 -- [92m   Info[0m ] miner VDBlZDNlNzIxYzM1MzU3ODY3MTM1MDcyZWM5Mzk5ODc1YWQ1MmM2YjliNWYxOTJh found nonce (2)
[ 2018-01-28 16:26:25 -- [92m   Info[0m ] miner VDBlZDNlNzIxYzM1MzU3ODY3MTM1MDcyZWM5Mzk5ODc1YWQ1MmM2YjliNWYxOTJh found nonce (3)
[ 2018-01-28 16:26:25 -- [92m   Info[0m ] miner VDBlZDNlNzIxYzM1MzU3ODY3MTM1MDcyZWM5Mzk5ODc1YWQ1MmM2YjliNWYxOTJh found nonce (4)
[ 2018-01-28 16:26:25 -- [92m   Info[0m ] miner VDBlZDNlNzIxYzM1MzU3ODY3MTM1MDcyZWM5Mzk5ODc1YWQ1MmM2YjliNWYxOTJh found nonce (5)
[ 2018-01-28 16:26:26 -- [92m   Info[0m ] miner VDBlZDNlNzIxYzM1MzU3ODY3MTM1MDcyZWM5Mzk5ODc1YWQ1MmM2YjliNWYxOTJh found nonce (3)
[ 2018-01-28 16:26:26 -- [92m   Info[0m ] miner VDBlZDNlNzIxYzM1MzU3ODY3MTM1MDcyZWM5Mzk5ODc1YWQ1MmM2YjliNWYxOTJh found nonce (4)
[ 2018-01-28 16:26:26 -- [92m   Info[0m ] miner VDBlZDNlNzIxYzM1MzU3ODY3MTM1MDcyZWM5Mzk5ODc1YWQ1MmM2YjliNWYxOTJh found nonce (5)
[ 2018-01-28 16:26:26 -- [92m   Info[0m ] miner VDBlZDNlNzIxYzM1MzU3ODY3MTM1MDcyZWM5Mzk5ODc1YWQ1MmM2YjliNWYxOTJh found nonce (6)
[ 2018-01-28 16:26:27 -- [92m   Info[0m ] miner VDBlZDNlNzIxYzM1MzU3ODY3MTM1MDcyZWM5Mzk5ODc1YWQ1MmM2YjliNWYxOTJh found nonce (6)
[ 2018-01-28 16:26:27 -- [92m   Info[0m ] miner VDBlZDNlNzIxYzM1MzU3ODY3MTM1MDcyZWM5Mzk5ODc1YWQ1MmM2YjliNWYxOTJh found nonce (7)
[ 2018-01-28 16:26:27 -- [92m   Info[0m ] miner VDBlZDNlNzIxYzM1MzU3ODY3MTM1MDcyZWM5Mzk5ODc1YWQ1MmM2YjliNWYxOTJh found nonce (7)
[ 2018-01-28 16:26:27 -- [92m   Info[0m ] miner VDBlZDNlNzIxYzM1MzU3ODY3MTM1MDcyZWM5Mzk5ODc1YWQ1MmM2YjliNWYxOTJh found nonce (8)
[ 2018-01-28 16:26:27 -- [92m   Info[0m ] miner VDBlZDNlNzIxYzM1MzU3ODY3MTM1MDcyZWM5Mzk5ODc1YWQ1MmM2YjliNWYxOTJh found nonce (9)
[ 2018-01-28 16:26:27 -- [92m   Info[0m ] miner VDBlZDNlNzIxYzM1MzU3ODY3MTM1MDcyZWM5Mzk5ODc1YWQ1MmM2YjliNWYxOTJh found nonce (8)
[ 2018-01-28 16:26:27 -- [92m   Info[0m ] miner VDBlZDNlNzIxYzM1MzU3ODY3MTM1MDcyZWM5Mzk5ODc1YWQ1MmM2YjliNWYxOTJh found nonce (9)
[ 2018-01-28 16:26:27 -- [92m   Info[0m ] miner VDBlZDNlNzIxYzM1MzU3ODY3MTM1MDcyZWM5Mzk5ODc1YWQ1MmM2YjliNWYxOTJh found nonce (10)
[ 2018-01-28 16:26:27 -- [92m   Info[0m ] miner VDBlZDNlNzIxYzM1MzU3ODY3MTM1MDcyZWM5Mzk5ODc1YWQ1MmM2YjliNWYxOTJh found nonce (11)
[ 2018-01-28 16:26:28 -- [92m   Info[0m ] miner VDBlZDNlNzIxYzM1MzU3ODY3MTM1MDcyZWM5Mzk5ODc1YWQ1MmM2YjliNWYxOTJh found nonce (12)
[ 2018-01-28 16:26:28 -- [92m   Info[0m ] miner VDBlZDNlNzIxYzM1MzU3ODY3MTM1MDcyZWM5Mzk5ODc1YWQ1MmM2YjliNWYxOTJh found nonce (10)
[ 2018-01-28 16:26:28 -- [92m   Info[0m ] miner VDBlZDNlNzIxYzM1MzU3ODY3MTM1MDcyZWM5Mzk5ODc1YWQ1MmM2YjliNWYxOTJh found nonce (13)
[ 2018-01-28 16:26:28 -- [92m   Info[0m ] miner VDBlZDNlNzIxYzM1MzU3ODY3MTM1MDcyZWM5Mzk5ODc1YWQ1MmM2YjliNWYxOTJh found nonce (11)
[ 2018-01-28 16:26:28 -- [92m   Info[0m ] miner VDBlZDNlNzIxYzM1MzU3ODY3MTM1MDcyZWM5Mzk5ODc1YWQ1MmM2YjliNWYxOTJh found nonce (12)
[ 2018-01-28 16:26:28 -- [92m   Info[0m ] miner VDBlZDNlNzIxYzM1MzU3ODY3MTM1MDcyZWM5Mzk5ODc1YWQ1MmM2YjliNWYxOTJh found nonce (13)
[ 2018-01-28 16:26:28 -- [92m   Info[0m ] miner VDBlZDNlNzIxYzM1MzU3ODY3MTM1MDcyZWM5Mzk5ODc1YWQ1MmM2YjliNWYxOTJh found nonce (14)
[ 2018-01-28 16:26:29 -- [92m   Info[0m ] miner VDBlZDNlNzIxYzM1MzU3ODY3MTM1MDcyZWM5Mzk5ODc1YWQ1MmM2YjliNWYxOTJh found nonce (15)
[ 2018-01-28 16:26:29 -- [92m   Info[0m ] miner VDBlZDNlNzIxYzM1MzU3ODY3MTM1MDcyZWM5Mzk5ODc1YWQ1MmM2YjliNWYxOTJh found nonce (16)
[ 2018-01-28 16:26:29 -- [92m   Info[0m ] miner VDBlZDNlNzIxYzM1MzU3ODY3MTM1MDcyZWM5Mzk5ODc1YWQ1MmM2YjliNWYxOTJh found nonce (14)
---- 222
[ 2018-01-28 16:26:29 -- [92m   Info[0m ] new block coming: [96m22[0m
[ 2018-01-28 16:26:29 -- [92m   Info[0m ] broadcast a block to miners
[ 2018-01-28 16:26:29 -- [92m   Info[0m ] recieved block >> total: [96m10[0m, new block: [96m10[0m, conflict: [96m0[0m, sync chain: [96m0[0m, older block: [96m0[0m
[ 2018-01-28 16:26:30 -- [33mWarning[0m ] recieved nonce is invalid, try to update latest block
[ 2018-01-28 16:26:30 -- [92m   Info[0m ] miner VDBlZDNlNzIxYzM1MzU3ODY3MTM1MDcyZWM5Mzk5ODc1YWQ1MmM2YjliNWYxOTJh found nonce (15)
[ 2018-01-28 16:26:30 -- [92m   Info[0m ] miner VDBlZDNlNzIxYzM1MzU3ODY3MTM1MDcyZWM5Mzk5ODc1YWQ1MmM2YjliNWYxOTJh found nonce (17)
[ 2018-01-28 16:26:30 -- [92m   Info[0m ] miner VDBlZDNlNzIxYzM1MzU3ODY3MTM1MDcyZWM5Mzk5ODc1YWQ1MmM2YjliNWYxOTJh found nonce (18)
[ 2018-01-28 16:26:30 -- [92m   Info[0m ] miner VDBlZDNlNzIxYzM1MzU3ODY3MTM1MDcyZWM5Mzk5ODc1YWQ1MmM2YjliNWYxOTJh found nonce (16)
[ 2018-01-28 16:26:30 -- [92m   Info[0m ] miner VDBlZDNlNzIxYzM1MzU3ODY3MTM1MDcyZWM5Mzk5ODc1YWQ1MmM2YjliNWYxOTJh found nonce (19)
[ 2018-01-28 16:26:30 -- [92m   Info[0m ] miner VDBlZDNlNzIxYzM1MzU3ODY3MTM1MDcyZWM5Mzk5ODc1YWQ1MmM2YjliNWYxOTJh found nonce (17)
[ 2018-01-28 16:26:31 -- [92m   Info[0m ] miner VDBlZDNlNzIxYzM1MzU3ODY3MTM1MDcyZWM5Mzk5ODc1YWQ1MmM2YjliNWYxOTJh found nonce (18)
[ 2018-01-28 16:26:31 -- [92m   Info[0m ] miner VDBlZDNlNzIxYzM1MzU3ODY3MTM1MDcyZWM5Mzk5ODc1YWQ1MmM2YjliNWYxOTJh found nonce (19)
[ 2018-01-28 16:26:31 -- [92m   Info[0m ] miner VDBlZDNlNzIxYzM1MzU3ODY3MTM1MDcyZWM5Mzk5ODc1YWQ1MmM2YjliNWYxOTJh found nonce (20)
[ 2018-01-28 16:26:31 -- [92m   Info[0m ] miner VDBlZDNlNzIxYzM1MzU3ODY3MTM1MDcyZWM5Mzk5ODc1YWQ1MmM2YjliNWYxOTJh found nonce (21)
---- 222
[ 2018-01-28 16:26:32 -- [92m   Info[0m ] found new nonce: [92m18078977623508135965[0m (22)
[ 2018-01-28 16:26:32 -- [92m   Info[0m ] broadcast a block to miners
[ 2018-01-28 16:26:32 -- [92m   Info[0m ] miner VDBlZDNlNzIxYzM1MzU3ODY3MTM1MDcyZWM5Mzk5ODc1YWQ1MmM2YjliNWYxOTJh found nonce (1)
[ 2018-01-28 16:26:32 -- [92m   Info[0m ] miner VDBlZDNlNzIxYzM1MzU3ODY3MTM1MDcyZWM5Mzk5ODc1YWQ1MmM2YjliNWYxOTJh found nonce (1)
[ 2018-01-28 16:26:32 -- [92m   Info[0m ] miner VDBlZDNlNzIxYzM1MzU3ODY3MTM1MDcyZWM5Mzk5ODc1YWQ1MmM2YjliNWYxOTJh found nonce (2)
[ 2018-01-28 16:26:33 -- [92m   Info[0m ] miner VDBlZDNlNzIxYzM1MzU3ODY3MTM1MDcyZWM5Mzk5ODc1YWQ1MmM2YjliNWYxOTJh found nonce (2)
[ 2018-01-28 16:26:33 -- [92m   Info[0m ] miner VDBlZDNlNzIxYzM1MzU3ODY3MTM1MDcyZWM5Mzk5ODc1YWQ1MmM2YjliNWYxOTJh found nonce (3)
[ 2018-01-28 16:26:33 -- [92m   Info[0m ] miner VDBlZDNlNzIxYzM1MzU3ODY3MTM1MDcyZWM5Mzk5ODc1YWQ1MmM2YjliNWYxOTJh found nonce (3)
[ 2018-01-28 16:26:33 -- [92m   Info[0m ] miner VDBlZDNlNzIxYzM1MzU3ODY3MTM1MDcyZWM5Mzk5ODc1YWQ1MmM2YjliNWYxOTJh found nonce (4)
[ 2018-01-28 16:26:33 -- [92m   Info[0m ] miner VDBlZDNlNzIxYzM1MzU3ODY3MTM1MDcyZWM5Mzk5ODc1YWQ1MmM2YjliNWYxOTJh found nonce (5)
---- 222
[ 2018-01-28 16:26:33 -- [92m   Info[0m ] new block coming: [96m24[0m
[ 2018-01-28 16:26:33 -- [92m   Info[0m ] broadcast a block to miners
[ 2018-01-28 16:26:33 -- [92m   Info[0m ] recieved block >> total: [96m11[0m, new block: [96m11[0m, conflict: [96m0[0m, sync chain: [96m0[0m, older block: [96m0[0m
[ 2018-01-28 16:26:33 -- [92m   Info[0m ] miner VDBlZDNlNzIxYzM1MzU3ODY3MTM1MDcyZWM5Mzk5ODc1YWQ1MmM2YjliNWYxOTJh found nonce (4)
[ 2018-01-28 16:26:33 -- [92m   Info[0m ] miner VDBlZDNlNzIxYzM1MzU3ODY3MTM1MDcyZWM5Mzk5ODc1YWQ1MmM2YjliNWYxOTJh found nonce (6)
[ 2018-01-28 16:26:34 -- [92m   Info[0m ] miner VDBlZDNlNzIxYzM1MzU3ODY3MTM1MDcyZWM5Mzk5ODc1YWQ1MmM2YjliNWYxOTJh found nonce (7)
[ 2018-01-28 16:26:34 -- [92m   Info[0m ] miner VDBlZDNlNzIxYzM1MzU3ODY3MTM1MDcyZWM5Mzk5ODc1YWQ1MmM2YjliNWYxOTJh found nonce (5)
[ 2018-01-28 16:26:34 -- [92m   Info[0m ] miner VDBlZDNlNzIxYzM1MzU3ODY3MTM1MDcyZWM5Mzk5ODc1YWQ1MmM2YjliNWYxOTJh found nonce (6)
[ 2018-01-28 16:26:35 -- [92m   Info[0m ] miner VDBlZDNlNzIxYzM1MzU3ODY3MTM1MDcyZWM5Mzk5ODc1YWQ1MmM2YjliNWYxOTJh found nonce (7)
[ 2018-01-28 16:26:35 -- [92m   Info[0m ] miner VDBlZDNlNzIxYzM1MzU3ODY3MTM1MDcyZWM5Mzk5ODc1YWQ1MmM2YjliNWYxOTJh found nonce (8)
[ 2018-01-28 16:26:35 -- [92m   Info[0m ] miner VDBlZDNlNzIxYzM1MzU3ODY3MTM1MDcyZWM5Mzk5ODc1YWQ1MmM2YjliNWYxOTJh found nonce (8)
[ 2018-01-28 16:26:36 -- [92m   Info[0m ] miner VDBlZDNlNzIxYzM1MzU3ODY3MTM1MDcyZWM5Mzk5ODc1YWQ1MmM2YjliNWYxOTJh found nonce (9)
[ 2018-01-28 16:26:36 -- [92m   Info[0m ] miner VDBlZDNlNzIxYzM1MzU3ODY3MTM1MDcyZWM5Mzk5ODc1YWQ1MmM2YjliNWYxOTJh found nonce (9)
[ 2018-01-28 16:26:36 -- [92m   Info[0m ] miner VDBlZDNlNzIxYzM1MzU3ODY3MTM1MDcyZWM5Mzk5ODc1YWQ1MmM2YjliNWYxOTJh found nonce (10)
[ 2018-01-28 16:26:36 -- [92m   Info[0m ] miner VDBlZDNlNzIxYzM1MzU3ODY3MTM1MDcyZWM5Mzk5ODc1YWQ1MmM2YjliNWYxOTJh found nonce (10)
---- 222
[ 2018-01-28 16:26:37 -- [92m   Info[0m ] new block coming: [96m25[0m
[ 2018-01-28 16:26:37 -- [92m   Info[0m ] broadcast a block to miners
[ 2018-01-28 16:26:37 -- [92m   Info[0m ] recieved block >> total: [96m12[0m, new block: [96m12[0m, conflict: [96m0[0m, sync chain: [96m0[0m, older block: [96m0[0m
[ 2018-01-28 16:26:38 -- [92m   Info[0m ] miner VDBlZDNlNzIxYzM1MzU3ODY3MTM1MDcyZWM5Mzk5ODc1YWQ1MmM2YjliNWYxOTJh found nonce (11)
---- 222
[ 2018-01-28 16:26:38 -- [92m   Info[0m ] found new nonce: [92m15764113949303607654[0m (25)
[ 2018-01-28 16:26:38 -- [92m   Info[0m ] broadcast a block to miners
[ 2018-01-28 16:26:38 -- [92m   Info[0m ] miner VDBlZDNlNzIxYzM1MzU3ODY3MTM1MDcyZWM5Mzk5ODc1YWQ1MmM2YjliNWYxOTJh found nonce (1)
[ 2018-01-28 16:26:38 -- [92m   Info[0m ] miner VDBlZDNlNzIxYzM1MzU3ODY3MTM1MDcyZWM5Mzk5ODc1YWQ1MmM2YjliNWYxOTJh found nonce (1)
[ 2018-01-28 16:26:38 -- [92m   Info[0m ] miner VDBlZDNlNzIxYzM1MzU3ODY3MTM1MDcyZWM5Mzk5ODc1YWQ1MmM2YjliNWYxOTJh found nonce (2)
[ 2018-01-28 16:26:38 -- [92m   Info[0m ] miner VDBlZDNlNzIxYzM1MzU3ODY3MTM1MDcyZWM5Mzk5ODc1YWQ1MmM2YjliNWYxOTJh found nonce (2)
[ 2018-01-28 16:26:39 -- [92m   Info[0m ] miner VDBlZDNlNzIxYzM1MzU3ODY3MTM1MDcyZWM5Mzk5ODc1YWQ1MmM2YjliNWYxOTJh found nonce (3)
[ 2018-01-28 16:26:39 -- [92m   Info[0m ] miner VDBlZDNlNzIxYzM1MzU3ODY3MTM1MDcyZWM5Mzk5ODc1YWQ1MmM2YjliNWYxOTJh found nonce (3)
[ 2018-01-28 16:26:39 -- [92m   Info[0m ] miner VDBlZDNlNzIxYzM1MzU3ODY3MTM1MDcyZWM5Mzk5ODc1YWQ1MmM2YjliNWYxOTJh found nonce (4)
[ 2018-01-28 16:26:39 -- [92m   Info[0m ] miner VDBlZDNlNzIxYzM1MzU3ODY3MTM1MDcyZWM5Mzk5ODc1YWQ1MmM2YjliNWYxOTJh found nonce (5)
[ 2018-01-28 16:26:39 -- [92m   Info[0m ] miner VDBlZDNlNzIxYzM1MzU3ODY3MTM1MDcyZWM5Mzk5ODc1YWQ1MmM2YjliNWYxOTJh found nonce (4)
[ 2018-01-28 16:26:39 -- [92m   Info[0m ] miner VDBlZDNlNzIxYzM1MzU3ODY3MTM1MDcyZWM5Mzk5ODc1YWQ1MmM2YjliNWYxOTJh found nonce (6)
[ 2018-01-28 16:26:39 -- [92m   Info[0m ] miner VDBlZDNlNzIxYzM1MzU3ODY3MTM1MDcyZWM5Mzk5ODc1YWQ1MmM2YjliNWYxOTJh found nonce (5)
[ 2018-01-28 16:26:39 -- [92m   Info[0m ] miner VDBlZDNlNzIxYzM1MzU3ODY3MTM1MDcyZWM5Mzk5ODc1YWQ1MmM2YjliNWYxOTJh found nonce (6)
[ 2018-01-28 16:26:39 -- [92m   Info[0m ] miner VDBlZDNlNzIxYzM1MzU3ODY3MTM1MDcyZWM5Mzk5ODc1YWQ1MmM2YjliNWYxOTJh found nonce (7)
[ 2018-01-28 16:26:40 -- [92m   Info[0m ] miner VDBlZDNlNzIxYzM1MzU3ODY3MTM1MDcyZWM5Mzk5ODc1YWQ1MmM2YjliNWYxOTJh found nonce (7)
[ 2018-01-28 16:26:40 -- [92m   Info[0m ] miner VDBlZDNlNzIxYzM1MzU3ODY3MTM1MDcyZWM5Mzk5ODc1YWQ1MmM2YjliNWYxOTJh found nonce (8)
[ 2018-01-28 16:26:40 -- [92m   Info[0m ] miner VDBlZDNlNzIxYzM1MzU3ODY3MTM1MDcyZWM5Mzk5ODc1YWQ1MmM2YjliNWYxOTJh found nonce (8)
[ 2018-01-28 16:26:40 -- [92m   Info[0m ] miner VDBlZDNlNzIxYzM1MzU3ODY3MTM1MDcyZWM5Mzk5ODc1YWQ1MmM2YjliNWYxOTJh found nonce (9)
[ 2018-01-28 16:26:40 -- [92m   Info[0m ] miner VDBlZDNlNzIxYzM1MzU3ODY3MTM1MDcyZWM5Mzk5ODc1YWQ1MmM2YjliNWYxOTJh found nonce (10)
[ 2018-01-28 16:26:40 -- [92m   Info[0m ] miner VDBlZDNlNzIxYzM1MzU3ODY3MTM1MDcyZWM5Mzk5ODc1YWQ1MmM2YjliNWYxOTJh found nonce (11)
[ 2018-01-28 16:26:41 -- [92m   Info[0m ] miner VDBlZDNlNzIxYzM1MzU3ODY3MTM1MDcyZWM5Mzk5ODc1YWQ1MmM2YjliNWYxOTJh found nonce (12)
[ 2018-01-28 16:26:41 -- [92m   Info[0m ] miner VDBlZDNlNzIxYzM1MzU3ODY3MTM1MDcyZWM5Mzk5ODc1YWQ1MmM2YjliNWYxOTJh found nonce (9)
[ 2018-01-28 16:26:41 -- [92m   Info[0m ] miner VDBlZDNlNzIxYzM1MzU3ODY3MTM1MDcyZWM5Mzk5ODc1YWQ1MmM2YjliNWYxOTJh found nonce (13)
[ 2018-01-28 16:26:41 -- [92m   Info[0m ] miner VDBlZDNlNzIxYzM1MzU3ODY3MTM1MDcyZWM5Mzk5ODc1YWQ1MmM2YjliNWYxOTJh found nonce (10)
[ 2018-01-28 16:26:41 -- [92m   Info[0m ] miner VDBlZDNlNzIxYzM1MzU3ODY3MTM1MDcyZWM5Mzk5ODc1YWQ1MmM2YjliNWYxOTJh found nonce (11)
[ 2018-01-28 16:26:42 -- [92m   Info[0m ] miner VDBlZDNlNzIxYzM1MzU3ODY3MTM1MDcyZWM5Mzk5ODc1YWQ1MmM2YjliNWYxOTJh found nonce (12)
[ 2018-01-28 16:26:42 -- [92m   Info[0m ] miner VDBlZDNlNzIxYzM1MzU3ODY3MTM1MDcyZWM5Mzk5ODc1YWQ1MmM2YjliNWYxOTJh found nonce (13)
[ 2018-01-28 16:26:43 -- [92m   Info[0m ] miner VDBlZDNlNzIxYzM1MzU3ODY3MTM1MDcyZWM5Mzk5ODc1YWQ1MmM2YjliNWYxOTJh found nonce (14)
---- 222
[ 2018-01-28 16:26:43 -- [92m   Info[0m ] found new nonce: [92m8745898101041362842[0m (26)
[ 2018-01-28 16:26:43 -- [92m   Info[0m ] broadcast a block to miners
[ 2018-01-28 16:26:43 -- [92m   Info[0m ] miner VDBlZDNlNzIxYzM1MzU3ODY3MTM1MDcyZWM5Mzk5ODc1YWQ1MmM2YjliNWYxOTJh found nonce (1)
[ 2018-01-28 16:26:43 -- [92m   Info[0m ] miner VDBlZDNlNzIxYzM1MzU3ODY3MTM1MDcyZWM5Mzk5ODc1YWQ1MmM2YjliNWYxOTJh found nonce (2)
[ 2018-01-28 16:26:44 -- [92m   Info[0m ] miner VDBlZDNlNzIxYzM1MzU3ODY3MTM1MDcyZWM5Mzk5ODc1YWQ1MmM2YjliNWYxOTJh found nonce (3)
[ 2018-01-28 16:26:44 -- [92m   Info[0m ] miner VDBlZDNlNzIxYzM1MzU3ODY3MTM1MDcyZWM5Mzk5ODc1YWQ1MmM2YjliNWYxOTJh found nonce (1)
[ 2018-01-28 16:26:44 -- [92m   Info[0m ] miner VDBlZDNlNzIxYzM1MzU3ODY3MTM1MDcyZWM5Mzk5ODc1YWQ1MmM2YjliNWYxOTJh found nonce (4)
[ 2018-01-28 16:26:44 -- [92m   Info[0m ] miner VDBlZDNlNzIxYzM1MzU3ODY3MTM1MDcyZWM5Mzk5ODc1YWQ1MmM2YjliNWYxOTJh found nonce (5)
[ 2018-01-28 16:26:44 -- [92m   Info[0m ] miner VDBlZDNlNzIxYzM1MzU3ODY3MTM1MDcyZWM5Mzk5ODc1YWQ1MmM2YjliNWYxOTJh found nonce (2)
[ 2018-01-28 16:26:45 -- [92m   Info[0m ] miner VDBlZDNlNzIxYzM1MzU3ODY3MTM1MDcyZWM5Mzk5ODc1YWQ1MmM2YjliNWYxOTJh found nonce (6)
[ 2018-01-28 16:26:45 -- [92m   Info[0m ] miner VDBlZDNlNzIxYzM1MzU3ODY3MTM1MDcyZWM5Mzk5ODc1YWQ1MmM2YjliNWYxOTJh found nonce (7)
[ 2018-01-28 16:26:45 -- [92m   Info[0m ] miner VDBlZDNlNzIxYzM1MzU3ODY3MTM1MDcyZWM5Mzk5ODc1YWQ1MmM2YjliNWYxOTJh found nonce (3)
[ 2018-01-28 16:26:45 -- [92m   Info[0m ] miner VDBlZDNlNzIxYzM1MzU3ODY3MTM1MDcyZWM5Mzk5ODc1YWQ1MmM2YjliNWYxOTJh found nonce (8)
[ 2018-01-28 16:26:45 -- [92m   Info[0m ] miner VDBlZDNlNzIxYzM1MzU3ODY3MTM1MDcyZWM5Mzk5ODc1YWQ1MmM2YjliNWYxOTJh found nonce (9)
[ 2018-01-28 16:26:46 -- [92m   Info[0m ] miner VDBlZDNlNzIxYzM1MzU3ODY3MTM1MDcyZWM5Mzk5ODc1YWQ1MmM2YjliNWYxOTJh found nonce (10)
[ 2018-01-28 16:26:46 -- [92m   Info[0m ] miner VDBlZDNlNzIxYzM1MzU3ODY3MTM1MDcyZWM5Mzk5ODc1YWQ1MmM2YjliNWYxOTJh found nonce (4)
[ 2018-01-28 16:26:46 -- [92m   Info[0m ] miner VDBlZDNlNzIxYzM1MzU3ODY3MTM1MDcyZWM5Mzk5ODc1YWQ1MmM2YjliNWYxOTJh found nonce (11)
[ 2018-01-28 16:26:46 -- [92m   Info[0m ] miner VDBlZDNlNzIxYzM1MzU3ODY3MTM1MDcyZWM5Mzk5ODc1YWQ1MmM2YjliNWYxOTJh found nonce (12)
[ 2018-01-28 16:26:46 -- [92m   Info[0m ] miner VDBlZDNlNzIxYzM1MzU3ODY3MTM1MDcyZWM5Mzk5ODc1YWQ1MmM2YjliNWYxOTJh found nonce (5)
[ 2018-01-28 16:26:46 -- [92m   Info[0m ] miner VDBlZDNlNzIxYzM1MzU3ODY3MTM1MDcyZWM5Mzk5ODc1YWQ1MmM2YjliNWYxOTJh found nonce (6)
[ 2018-01-28 16:26:46 -- [92m   Info[0m ] miner VDBlZDNlNzIxYzM1MzU3ODY3MTM1MDcyZWM5Mzk5ODc1YWQ1MmM2YjliNWYxOTJh found nonce (7)
---- 222
[ 2018-01-28 16:26:47 -- [92m   Info[0m ] found new nonce: [92m7297594446495323629[0m (27)
[ 2018-01-28 16:26:47 -- [92m   Info[0m ] broadcast a block to miners
[ 2018-01-28 16:26:47 -- [92m   Info[0m ] miner VDBlZDNlNzIxYzM1MzU3ODY3MTM1MDcyZWM5Mzk5ODc1YWQ1MmM2YjliNWYxOTJh found nonce (1)
[ 2018-01-28 16:26:47 -- [92m   Info[0m ] miner VDBlZDNlNzIxYzM1MzU3ODY3MTM1MDcyZWM5Mzk5ODc1YWQ1MmM2YjliNWYxOTJh found nonce (1)
[ 2018-01-28 16:26:47 -- [92m   Info[0m ] miner VDBlZDNlNzIxYzM1MzU3ODY3MTM1MDcyZWM5Mzk5ODc1YWQ1MmM2YjliNWYxOTJh found nonce (2)
[ 2018-01-28 16:26:47 -- [92m   Info[0m ] miner VDBlZDNlNzIxYzM1MzU3ODY3MTM1MDcyZWM5Mzk5ODc1YWQ1MmM2YjliNWYxOTJh found nonce (3)
[ 2018-01-28 16:26:47 -- [92m   Info[0m ] miner VDBlZDNlNzIxYzM1MzU3ODY3MTM1MDcyZWM5Mzk5ODc1YWQ1MmM2YjliNWYxOTJh found nonce (2)
[ 2018-01-28 16:26:47 -- [92m   Info[0m ] miner VDBlZDNlNzIxYzM1MzU3ODY3MTM1MDcyZWM5Mzk5ODc1YWQ1MmM2YjliNWYxOTJh found nonce (4)
[ 2018-01-28 16:26:47 -- [92m   Info[0m ] miner VDBlZDNlNzIxYzM1MzU3ODY3MTM1MDcyZWM5Mzk5ODc1YWQ1MmM2YjliNWYxOTJh found nonce (5)
