[ 2018-01-28 16:25:47 -- [92m   Info[0m ] Launching 1 threads...
[ 2018-01-28 16:25:47 -- [92m   Info[0m ] starting nonce from [96m1895859656240145498[0m (thread: 1)
[ 2018-01-28 16:25:47 -- [92m   Info[0m ] handshake has been accepted
[ 2018-01-28 16:25:47 -- [92m   Info[0m ] set difficulty: [96m1[0m
[ 2018-01-28 16:25:47 -- [92m   Info[0m ] set latest hash: [92m5396e18efa80a8e891c417fff862d7cad171465e65bc4b4e5e1c1c3ab0aeb88f[0m
[ 2018-01-28 16:25:47 -- [92m   Info[0m ] 2 works, 31 [Work/s] (thread: 1)
[ 2018-01-28 16:25:48 -- [92m   Info[0m ] found new nonce(1): [96m1895859656240145516[0m (thread: 1)
[ 2018-01-28 16:25:48 -- [92m   Info[0m ] starting nonce from [96m6887503504051659957[0m (thread: 1)
[ 2018-01-28 16:25:48 -- [92m   Info[0m ] found new nonce(1): [96m6887503504051659974[0m (thread: 1)
[ 2018-01-28 16:25:48 -- [92m   Info[0m ] starting nonce from [96m2780929431000245809[0m (thread: 1)
[ 2018-01-28 16:25:49 -- [92m   Info[0m ] latest block has been updated
[ 2018-01-28 16:25:49 -- [92m   Info[0m ] set difficulty: [96m1[0m
[ 2018-01-28 16:25:49 -- [92m   Info[0m ] set latest_hash: [92m119f4ded5d5266cd88e56673c8919fd69f4b3719a2a61256baf88d997150a2e5[0m
[ 2018-01-28 16:25:49 -- [92m   Info[0m ] found new nonce(1): [96m2780929431000245829[0m (thread: 1)
[ 2018-01-28 16:25:49 -- [92m   Info[0m ] starting nonce from [96m15957531667538596483[0m (thread: 1)
[ 2018-01-28 16:25:50 -- [92m   Info[0m ] 17 works, 36 [Work/s] (thread: 1)
[ 2018-01-28 16:25:51 -- [92m   Info[0m ] latest block has been updated
[ 2018-01-28 16:25:51 -- [92m   Info[0m ] set difficulty: [96m1[0m
[ 2018-01-28 16:25:51 -- [92m   Info[0m ] set latest_hash: [92m3af7493b1527884a003e945b0f001901d7cb20fb1b31d4a1ef2660153aba749e[0m
[ 2018-01-28 16:25:51 -- [92m   Info[0m ] found new nonce(1): [96m15957531667538596571[0m (thread: 1)
[ 2018-01-28 16:25:51 -- [92m   Info[0m ] starting nonce from [96m7826247138629265849[0m (thread: 1)
[ 2018-01-28 16:25:52 -- [92m   Info[0m ] found new nonce(1): [96m7826247138629265883[0m (thread: 1)
[ 2018-01-28 16:25:52 -- [92m   Info[0m ] starting nonce from [96m7439285434263928123[0m (thread: 1)
[ 2018-01-28 16:25:53 -- [92m   Info[0m ] found new nonce(1): [96m7439285434263928130[0m (thread: 1)
[ 2018-01-28 16:25:53 -- [92m   Info[0m ] starting nonce from [96m8055565091797895966[0m (thread: 1)
[ 2018-01-28 16:25:53 -- [92m   Info[0m ] found new nonce(1): [96m8055565091797895969[0m (thread: 1)
[ 2018-01-28 16:25:53 -- [92m   Info[0m ] starting nonce from [96m10291839913453176403[0m (thread: 1)
[ 2018-01-28 16:25:54 -- [92m   Info[0m ] latest block has been updated
[ 2018-01-28 16:25:54 -- [92m   Info[0m ] set difficulty: [96m1[0m
[ 2018-01-28 16:25:54 -- [92m   Info[0m ] set latest_hash: [92mb6c8c5ec9bc63c9d5ec7fc2ba21196492be1f6c4a1e11b9a5aff86119f816334[0m
[ 2018-01-28 16:25:54 -- [92m   Info[0m ] found new nonce(1): [96m10291839913453176460[0m (thread: 1)
[ 2018-01-28 16:25:54 -- [92m   Info[0m ] starting nonce from [96m11410916100184224937[0m (thread: 1)
[ 2018-01-28 16:25:54 -- [92m   Info[0m ] latest block has been updated
[ 2018-01-28 16:25:54 -- [92m   Info[0m ] set difficulty: [96m1[0m
[ 2018-01-28 16:25:54 -- [92m   Info[0m ] set latest_hash: [92mc07eee96baea44c76f0ebc8a5621e4bb81daa3165e53c420400be8bc47754b5d[0m
[ 2018-01-28 16:25:54 -- [92m   Info[0m ] found new nonce(1): [96m11410916100184224942[0m (thread: 1)
[ 2018-01-28 16:25:54 -- [92m   Info[0m ] starting nonce from [96m10755424638154554122[0m (thread: 1)
[ 2018-01-28 16:25:55 -- [92m   Info[0m ] found new nonce(1): [96m10755424638154554128[0m (thread: 1)
[ 2018-01-28 16:25:55 -- [92m   Info[0m ] starting nonce from [96m110609429934460680[0m (thread: 1)
[ 2018-01-28 16:25:55 -- [92m   Info[0m ] 20 works, 36 [Work/s] (thread: 1)
[ 2018-01-28 16:25:55 -- [92m   Info[0m ] found new nonce(1): [96m110609429934460705[0m (thread: 1)
[ 2018-01-28 16:25:55 -- [92m   Info[0m ] starting nonce from [96m12323684361263486142[0m (thread: 1)
[ 2018-01-28 16:25:55 -- [92m   Info[0m ] found new nonce(1): [96m12323684361263486145[0m (thread: 1)
[ 2018-01-28 16:25:55 -- [92m   Info[0m ] starting nonce from [96m13415440091580656130[0m (thread: 1)
[ 2018-01-28 16:25:55 -- [92m   Info[0m ] found new nonce(1): [96m13415440091580656130[0m (thread: 1)
[ 2018-01-28 16:25:55 -- [92m   Info[0m ] starting nonce from [96m5120980308166825340[0m (thread: 1)
[ 2018-01-28 16:25:56 -- [92m   Info[0m ] found new nonce(1): [96m5120980308166825354[0m (thread: 1)
[ 2018-01-28 16:25:56 -- [92m   Info[0m ] starting nonce from [96m12031840932029351792[0m (thread: 1)
[ 2018-01-28 16:25:56 -- [92m   Info[0m ] 8 works, 37 [Work/s] (thread: 1)
[ 2018-01-28 16:25:56 -- [92m   Info[0m ] found new nonce(1): [96m12031840932029351809[0m (thread: 1)
[ 2018-01-28 16:25:56 -- [92m   Info[0m ] starting nonce from [96m17166301880992733523[0m (thread: 1)
[ 2018-01-28 16:25:57 -- [92m   Info[0m ] found new nonce(1): [96m17166301880992733537[0m (thread: 1)
[ 2018-01-28 16:25:57 -- [92m   Info[0m ] starting nonce from [96m3153751696205443568[0m (thread: 1)
[ 2018-01-28 16:25:57 -- [92m   Info[0m ] latest block has been updated
[ 2018-01-28 16:25:57 -- [92m   Info[0m ] set difficulty: [96m1[0m
[ 2018-01-28 16:25:57 -- [92m   Info[0m ] set latest_hash: [92m2c77cb362516f08b5789a5bef7a6c85854ddf49a6aaeea55b8486ec9380ca7b9[0m
[ 2018-01-28 16:25:58 -- [92m   Info[0m ] found new nonce(1): [96m3153751696205443598[0m (thread: 1)
[ 2018-01-28 16:25:58 -- [92m   Info[0m ] starting nonce from [96m14970039119299404587[0m (thread: 1)
[ 2018-01-28 16:25:58 -- [92m   Info[0m ] found new nonce(1): [96m14970039119299404589[0m (thread: 1)
[ 2018-01-28 16:25:58 -- [92m   Info[0m ] starting nonce from [96m18014368117379190932[0m (thread: 1)
[ 2018-01-28 16:25:59 -- [92m   Info[0m ] found new nonce(1): [96m18014368117379190986[0m (thread: 1)
[ 2018-01-28 16:25:59 -- [92m   Info[0m ] starting nonce from [96m13107286276393276902[0m (thread: 1)
[ 2018-01-28 16:25:59 -- [92m   Info[0m ] found new nonce(1): [96m13107286276393276902[0m (thread: 1)
[ 2018-01-28 16:25:59 -- [92m   Info[0m ] starting nonce from [96m18080136971401486074[0m (thread: 1)
[ 2018-01-28 16:25:59 -- [92m   Info[0m ] latest block has been updated
[ 2018-01-28 16:25:59 -- [92m   Info[0m ] set difficulty: [96m1[0m
[ 2018-01-28 16:25:59 -- [92m   Info[0m ] set latest_hash: [92m18f0a92be9543c1628fa6abe55a0f5327c84e913d8791e68f76d6843f9651505[0m
[ 2018-01-28 16:26:00 -- [92m   Info[0m ] found new nonce(1): [96m18080136971401486086[0m (thread: 1)
[ 2018-01-28 16:26:00 -- [92m   Info[0m ] starting nonce from [96m9626172791680802574[0m (thread: 1)
[ 2018-01-28 16:26:00 -- [92m   Info[0m ] found new nonce(1): [96m9626172791680802578[0m (thread: 1)
[ 2018-01-28 16:26:00 -- [92m   Info[0m ] starting nonce from [96m7017147764113939180[0m (thread: 1)
[ 2018-01-28 16:26:00 -- [92m   Info[0m ] found new nonce(1): [96m7017147764113939181[0m (thread: 1)
[ 2018-01-28 16:26:00 -- [92m   Info[0m ] starting nonce from [96m5831459266176815637[0m (thread: 1)
[ 2018-01-28 16:26:00 -- [92m   Info[0m ] found new nonce(1): [96m5831459266176815641[0m (thread: 1)
[ 2018-01-28 16:26:00 -- [92m   Info[0m ] starting nonce from [96m5412717118950257572[0m (thread: 1)
[ 2018-01-28 16:26:00 -- [92m   Info[0m ] found new nonce(1): [96m5412717118950257572[0m (thread: 1)
[ 2018-01-28 16:26:00 -- [92m   Info[0m ] starting nonce from [96m13293261220219077124[0m (thread: 1)
[ 2018-01-28 16:26:00 -- [92m   Info[0m ] found new nonce(1): [96m13293261220219077142[0m (thread: 1)
[ 2018-01-28 16:26:00 -- [92m   Info[0m ] starting nonce from [96m10162985956450314446[0m (thread: 1)
[ 2018-01-28 16:26:00 -- [92m   Info[0m ] latest block has been updated
[ 2018-01-28 16:26:00 -- [92m   Info[0m ] set difficulty: [96m1[0m
[ 2018-01-28 16:26:00 -- [92m   Info[0m ] set latest_hash: [92m5f8aa2a332207ce54302fa0a3d293f69f776f40e9f882d0852d94c163f1236f5[0m
[ 2018-01-28 16:26:01 -- [92m   Info[0m ] found new nonce(1): [96m10162985956450314473[0m (thread: 1)
[ 2018-01-28 16:26:01 -- [92m   Info[0m ] starting nonce from [96m15103321504493292823[0m (thread: 1)
[ 2018-01-28 16:26:01 -- [92m   Info[0m ] found new nonce(1): [96m15103321504493292826[0m (thread: 1)
[ 2018-01-28 16:26:01 -- [92m   Info[0m ] starting nonce from [96m8114778965972780156[0m (thread: 1)
[ 2018-01-28 16:26:02 -- [92m   Info[0m ] found new nonce(1): [96m8114778965972780171[0m (thread: 1)
[ 2018-01-28 16:26:02 -- [92m   Info[0m ] starting nonce from [96m8183129794794310767[0m (thread: 1)
[ 2018-01-28 16:26:02 -- [92m   Info[0m ] found new nonce(1): [96m8183129794794310771[0m (thread: 1)
[ 2018-01-28 16:26:02 -- [92m   Info[0m ] starting nonce from [96m7520401504328996903[0m (thread: 1)
[ 2018-01-28 16:26:02 -- [92m   Info[0m ] found new nonce(1): [96m7520401504328996906[0m (thread: 1)
[ 2018-01-28 16:26:02 -- [92m   Info[0m ] starting nonce from [96m2455777061018435549[0m (thread: 1)
[ 2018-01-28 16:26:02 -- [92m   Info[0m ] found new nonce(1): [96m2455777061018435559[0m (thread: 1)
[ 2018-01-28 16:26:02 -- [92m   Info[0m ] starting nonce from [96m16295477981601363548[0m (thread: 1)
[ 2018-01-28 16:26:02 -- [92m   Info[0m ] found new nonce(1): [96m16295477981601363558[0m (thread: 1)
[ 2018-01-28 16:26:02 -- [92m   Info[0m ] starting nonce from [96m15030597227500399501[0m (thread: 1)
[ 2018-01-28 16:26:03 -- [92m   Info[0m ] found new nonce(1): [96m15030597227500399522[0m (thread: 1)
[ 2018-01-28 16:26:03 -- [92m   Info[0m ] starting nonce from [96m12065805158934330984[0m (thread: 1)
[ 2018-01-28 16:26:03 -- [92m   Info[0m ] found new nonce(1): [96m12065805158934330985[0m (thread: 1)
[ 2018-01-28 16:26:03 -- [92m   Info[0m ] starting nonce from [96m3560205582221523451[0m (thread: 1)
[ 2018-01-28 16:26:03 -- [92m   Info[0m ] latest block has been updated
[ 2018-01-28 16:26:03 -- [92m   Info[0m ] set difficulty: [96m1[0m
[ 2018-01-28 16:26:03 -- [92m   Info[0m ] set latest_hash: [92m0fcc4f84f4f0fbbecbd81bf4ffbdacaa5ecdd6243cedbd942321a61ce8dd5da0[0m
[ 2018-01-28 16:26:04 -- [92m   Info[0m ] 49 works, 36 [Work/s] (thread: 1)
[ 2018-01-28 16:26:05 -- [92m   Info[0m ] found new nonce(1): [96m3560205582221523510[0m (thread: 1)
[ 2018-01-28 16:26:05 -- [92m   Info[0m ] starting nonce from [96m12906488247477299507[0m (thread: 1)
[ 2018-01-28 16:26:05 -- [92m   Info[0m ] latest block has been updated
[ 2018-01-28 16:26:05 -- [92m   Info[0m ] set difficulty: [96m1[0m
[ 2018-01-28 16:26:05 -- [92m   Info[0m ] set latest_hash: [92m4dde71de236d243946b33f0c59d43e9e29610074c0bcade5f88f058861b09dd4[0m
[ 2018-01-28 16:26:05 -- [92m   Info[0m ] found new nonce(1): [96m12906488247477299532[0m (thread: 1)
[ 2018-01-28 16:26:05 -- [92m   Info[0m ] starting nonce from [96m298838403679036141[0m (thread: 1)
[ 2018-01-28 16:26:06 -- [92m   Info[0m ] latest block has been updated
[ 2018-01-28 16:26:06 -- [92m   Info[0m ] set difficulty: [96m1[0m
[ 2018-01-28 16:26:06 -- [92m   Info[0m ] set latest_hash: [92m3bbe12f961e80196631813f8bc881b7453100a4f8abc5cf8cd7d2ab1c80c646c[0m
[ 2018-01-28 16:26:07 -- [92m   Info[0m ] 59 works, 36 [Work/s] (thread: 1)
[ 2018-01-28 16:26:07 -- [92m   Info[0m ] found new nonce(1): [96m298838403679036202[0m (thread: 1)
[ 2018-01-28 16:26:07 -- [92m   Info[0m ] starting nonce from [96m10154000917095698699[0m (thread: 1)
[ 2018-01-28 16:26:07 -- [92m   Info[0m ] 1 works, 37 [Work/s] (thread: 1)
[ 2018-01-28 16:26:07 -- [92m   Info[0m ] found new nonce(1): [96m10154000917095698707[0m (thread: 1)
[ 2018-01-28 16:26:07 -- [92m   Info[0m ] starting nonce from [96m268233140671037449[0m (thread: 1)
[ 2018-01-28 16:26:08 -- [92m   Info[0m ] found new nonce(1): [96m268233140671037462[0m (thread: 1)
[ 2018-01-28 16:26:08 -- [92m   Info[0m ] starting nonce from [96m3439965766260461582[0m (thread: 1)
[ 2018-01-28 16:26:08 -- [92m   Info[0m ] found new nonce(1): [96m3439965766260461585[0m (thread: 1)
[ 2018-01-28 16:26:08 -- [92m   Info[0m ] starting nonce from [96m12544324451688786397[0m (thread: 1)
[ 2018-01-28 16:26:08 -- [92m   Info[0m ] 3 works, 34 [Work/s] (thread: 1)
[ 2018-01-28 16:26:08 -- [92m   Info[0m ] latest block has been updated
[ 2018-01-28 16:26:08 -- [92m   Info[0m ] set difficulty: [96m1[0m
[ 2018-01-28 16:26:08 -- [92m   Info[0m ] set latest_hash: [92m16c8dd35e3934778602e9412c6aa85d8416656ce8c93ac2fe2077e4114145b7d[0m
[ 2018-01-28 16:26:08 -- [92m   Info[0m ] found new nonce(1): [96m12544324451688786417[0m (thread: 1)
[ 2018-01-28 16:26:08 -- [92m   Info[0m ] starting nonce from [96m11859546009292550376[0m (thread: 1)
[ 2018-01-28 16:26:08 -- [92m   Info[0m ] latest block has been updated
[ 2018-01-28 16:26:08 -- [92m   Info[0m ] set difficulty: [96m1[0m
[ 2018-01-28 16:26:08 -- [92m   Info[0m ] set latest_hash: [92m307dd4db334f1183faf2e534e44ad28436722958420684566c4080993279e3b8[0m
[ 2018-01-28 16:26:09 -- [92m   Info[0m ] found new nonce(1): [96m11859546009292550389[0m (thread: 1)
[ 2018-01-28 16:26:09 -- [92m   Info[0m ] starting nonce from [96m1390537141585838703[0m (thread: 1)
[ 2018-01-28 16:26:09 -- [92m   Info[0m ] found new nonce(1): [96m1390537141585838719[0m (thread: 1)
[ 2018-01-28 16:26:09 -- [92m   Info[0m ] starting nonce from [96m14742042997812770477[0m (thread: 1)
[ 2018-01-28 16:26:10 -- [92m   Info[0m ] found new nonce(1): [96m14742042997812770487[0m (thread: 1)
[ 2018-01-28 16:26:10 -- [92m   Info[0m ] starting nonce from [96m10799488026228118541[0m (thread: 1)
[ 2018-01-28 16:26:10 -- [92m   Info[0m ] found new nonce(1): [96m10799488026228118550[0m (thread: 1)
[ 2018-01-28 16:26:10 -- [92m   Info[0m ] starting nonce from [96m2158499641338776017[0m (thread: 1)
[ 2018-01-28 16:26:10 -- [92m   Info[0m ] found new nonce(1): [96m2158499641338776022[0m (thread: 1)
[ 2018-01-28 16:26:10 -- [92m   Info[0m ] starting nonce from [96m9910312024289498298[0m (thread: 1)
[ 2018-01-28 16:26:10 -- [92m   Info[0m ] found new nonce(1): [96m9910312024289498298[0m (thread: 1)
[ 2018-01-28 16:26:10 -- [92m   Info[0m ] starting nonce from [96m15502311283933592227[0m (thread: 1)
[ 2018-01-28 16:26:10 -- [92m   Info[0m ] found new nonce(1): [96m15502311283933592232[0m (thread: 1)
[ 2018-01-28 16:26:10 -- [92m   Info[0m ] starting nonce from [96m7792146252589029750[0m (thread: 1)
[ 2018-01-28 16:26:11 -- [92m   Info[0m ] found new nonce(1): [96m7792146252589029774[0m (thread: 1)
[ 2018-01-28 16:26:11 -- [92m   Info[0m ] starting nonce from [96m16881516800461782035[0m (thread: 1)
[ 2018-01-28 16:26:11 -- [92m   Info[0m ] latest block has been updated
[ 2018-01-28 16:26:11 -- [92m   Info[0m ] set difficulty: [96m1[0m
[ 2018-01-28 16:26:11 -- [92m   Info[0m ] set latest_hash: [92m0d7656e9a854d330bd2cd2d499929d87549363ffac14dc979ad4760e482971ee[0m
[ 2018-01-28 16:26:12 -- [92m   Info[0m ] found new nonce(1): [96m16881516800461782062[0m (thread: 1)
[ 2018-01-28 16:26:12 -- [92m   Info[0m ] starting nonce from [96m14826291303248416583[0m (thread: 1)
[ 2018-01-28 16:26:12 -- [92m   Info[0m ] found new nonce(1): [96m14826291303248416586[0m (thread: 1)
[ 2018-01-28 16:26:12 -- [92m   Info[0m ] starting nonce from [96m5171240030504742605[0m (thread: 1)
[ 2018-01-28 16:26:12 -- [92m   Info[0m ] found new nonce(1): [96m5171240030504742615[0m (thread: 1)
[ 2018-01-28 16:26:12 -- [92m   Info[0m ] starting nonce from [96m12966060587709955718[0m (thread: 1)
[ 2018-01-28 16:26:12 -- [92m   Info[0m ] latest block has been updated
[ 2018-01-28 16:26:12 -- [92m   Info[0m ] set difficulty: [96m1[0m
[ 2018-01-28 16:26:12 -- [92m   Info[0m ] set latest_hash: [92mb6fb597e96ac49750ba4afa491bd71b3f90a37ac166e24c4303b6f367a2f4701[0m
[ 2018-01-28 16:26:12 -- [92m   Info[0m ] found new nonce(1): [96m12966060587709955731[0m (thread: 1)
[ 2018-01-28 16:26:12 -- [92m   Info[0m ] starting nonce from [96m14194080949889121444[0m (thread: 1)
[ 2018-01-28 16:26:13 -- [92m   Info[0m ] latest block has been updated
[ 2018-01-28 16:26:13 -- [92m   Info[0m ] set difficulty: [96m1[0m
[ 2018-01-28 16:26:13 -- [92m   Info[0m ] set latest_hash: [92mb88cdf40a3f6483cf66216bad1f67f82dcc58c87aa771332939584caf296d9d1[0m
[ 2018-01-28 16:26:13 -- [92m   Info[0m ] found new nonce(1): [96m14194080949889121453[0m (thread: 1)
[ 2018-01-28 16:26:13 -- [92m   Info[0m ] starting nonce from [96m18373028364179252538[0m (thread: 1)
[ 2018-01-28 16:26:14 -- [92m   Info[0m ] found new nonce(1): [96m18373028364179252592[0m (thread: 1)
[ 2018-01-28 16:26:14 -- [92m   Info[0m ] starting nonce from [96m6929801696756483190[0m (thread: 1)
[ 2018-01-28 16:26:15 -- [92m   Info[0m ] found new nonce(1): [96m6929801696756483199[0m (thread: 1)
[ 2018-01-28 16:26:15 -- [92m   Info[0m ] starting nonce from [96m964982663323454330[0m (thread: 1)
[ 2018-01-28 16:26:15 -- [92m   Info[0m ] found new nonce(1): [96m964982663323454334[0m (thread: 1)
[ 2018-01-28 16:26:15 -- [92m   Info[0m ] starting nonce from [96m5724783917761906417[0m (thread: 1)
[ 2018-01-28 16:26:15 -- [92m   Info[0m ] found new nonce(1): [96m5724783917761906422[0m (thread: 1)
[ 2018-01-28 16:26:15 -- [92m   Info[0m ] starting nonce from [96m9583563936877933671[0m (thread: 1)
[ 2018-01-28 16:26:15 -- [92m   Info[0m ] found new nonce(1): [96m9583563936877933683[0m (thread: 1)
[ 2018-01-28 16:26:15 -- [92m   Info[0m ] starting nonce from [96m6117750539228295975[0m (thread: 1)
[ 2018-01-28 16:26:15 -- [92m   Info[0m ] latest block has been updated
[ 2018-01-28 16:26:15 -- [92m   Info[0m ] set difficulty: [96m1[0m
[ 2018-01-28 16:26:15 -- [92m   Info[0m ] set latest_hash: [92mad6393f8904cf80b269fc82c5cc8b4635a4ed32b7e29c33ed460cf1277d725a9[0m
[ 2018-01-28 16:26:16 -- [92m   Info[0m ] found new nonce(1): [96m6117750539228295987[0m (thread: 1)
[ 2018-01-28 16:26:16 -- [92m   Info[0m ] starting nonce from [96m14825187990870652089[0m (thread: 1)
[ 2018-01-28 16:26:16 -- [92m   Info[0m ] found new nonce(1): [96m14825187990870652091[0m (thread: 1)
[ 2018-01-28 16:26:16 -- [92m   Info[0m ] starting nonce from [96m10260813917883760831[0m (thread: 1)
[ 2018-01-28 16:26:16 -- [92m   Info[0m ] latest block has been updated
[ 2018-01-28 16:26:16 -- [92m   Info[0m ] set difficulty: [96m1[0m
[ 2018-01-28 16:26:16 -- [92m   Info[0m ] set latest_hash: [92m9b997222fe00db010cdd2f88ca67b5e7c11df866a42e3bc7ccfcbfed665aefa9[0m
[ 2018-01-28 16:26:17 -- [92m   Info[0m ] found new nonce(1): [96m10260813917883760863[0m (thread: 1)
[ 2018-01-28 16:26:17 -- [92m   Info[0m ] starting nonce from [96m8494308522398836020[0m (thread: 1)
[ 2018-01-28 16:26:18 -- [92m   Info[0m ] found new nonce(1): [96m8494308522398836080[0m (thread: 1)
[ 2018-01-28 16:26:18 -- [92m   Info[0m ] starting nonce from [96m12283921255767330710[0m (thread: 1)
[ 2018-01-28 16:26:19 -- [92m   Info[0m ] found new nonce(1): [96m12283921255767330720[0m (thread: 1)
[ 2018-01-28 16:26:19 -- [92m   Info[0m ] starting nonce from [96m6654643844106355241[0m (thread: 1)
[ 2018-01-28 16:26:19 -- [92m   Info[0m ] found new nonce(1): [96m6654643844106355268[0m (thread: 1)
[ 2018-01-28 16:26:19 -- [92m   Info[0m ] starting nonce from [96m8051051093024954839[0m (thread: 1)
[ 2018-01-28 16:26:20 -- [92m   Info[0m ] latest block has been updated
[ 2018-01-28 16:26:20 -- [92m   Info[0m ] set difficulty: [96m1[0m
[ 2018-01-28 16:26:20 -- [92m   Info[0m ] set latest_hash: [92mb0e8f7aa9723a4b3aadfaa3684a4070743cc776adece7729dcac7086aecf7607[0m
[ 2018-01-28 16:26:20 -- [92m   Info[0m ] found new nonce(1): [96m8051051093024954852[0m (thread: 1)
[ 2018-01-28 16:26:20 -- [92m   Info[0m ] starting nonce from [96m17870760882098383774[0m (thread: 1)
[ 2018-01-28 16:26:20 -- [92m   Info[0m ] found new nonce(1): [96m17870760882098383775[0m (thread: 1)
[ 2018-01-28 16:26:20 -- [92m   Info[0m ] starting nonce from [96m7607873685383549249[0m (thread: 1)
[ 2018-01-28 16:26:20 -- [92m   Info[0m ] latest block has been updated
[ 2018-01-28 16:26:20 -- [92m   Info[0m ] set difficulty: [96m1[0m
[ 2018-01-28 16:26:20 -- [92m   Info[0m ] set latest_hash: [92m4fc3a3656b9fc8b3a2da44125afb7153609b2424d4ec2cdc35ebc73d7ae86772[0m
[ 2018-01-28 16:26:21 -- [92m   Info[0m ] found new nonce(1): [96m7607873685383549273[0m (thread: 1)
[ 2018-01-28 16:26:21 -- [92m   Info[0m ] starting nonce from [96m5680391201393920292[0m (thread: 1)
[ 2018-01-28 16:26:21 -- [92m   Info[0m ] 8 works, 34 [Work/s] (thread: 1)
[ 2018-01-28 16:26:21 -- [92m   Info[0m ] found new nonce(1): [96m5680391201393920315[0m (thread: 1)
[ 2018-01-28 16:26:21 -- [92m   Info[0m ] starting nonce from [96m3675614785108897259[0m (thread: 1)
[ 2018-01-28 16:26:21 -- [92m   Info[0m ] found new nonce(1): [96m3675614785108897261[0m (thread: 1)
[ 2018-01-28 16:26:21 -- [92m   Info[0m ] starting nonce from [96m8683418535817045279[0m (thread: 1)
[ 2018-01-28 16:26:22 -- [92m   Info[0m ] found new nonce(1): [96m8683418535817045284[0m (thread: 1)
[ 2018-01-28 16:26:22 -- [92m   Info[0m ] starting nonce from [96m4216867598956332936[0m (thread: 1)
[ 2018-01-28 16:26:22 -- [92m   Info[0m ] found new nonce(1): [96m4216867598956332940[0m (thread: 1)
[ 2018-01-28 16:26:22 -- [92m   Info[0m ] starting nonce from [96m4065216990867898020[0m (thread: 1)
[ 2018-01-28 16:26:23 -- [92m   Info[0m ] latest block has been updated
[ 2018-01-28 16:26:23 -- [92m   Info[0m ] set difficulty: [96m1[0m
[ 2018-01-28 16:26:23 -- [92m   Info[0m ] set latest_hash: [92me6b67599cf2fd6f8c9bc236abf50402c7347d2e895cbddfffc053d02621f031a[0m
[ 2018-01-28 16:26:24 -- [92m   Info[0m ] found new nonce(1): [96m4065216990867898078[0m (thread: 1)
[ 2018-01-28 16:26:24 -- [92m   Info[0m ] starting nonce from [96m11741484721515982652[0m (thread: 1)
[ 2018-01-28 16:26:24 -- [92m   Info[0m ] found new nonce(1): [96m11741484721515982673[0m (thread: 1)
[ 2018-01-28 16:26:24 -- [92m   Info[0m ] starting nonce from [96m18069401650308448620[0m (thread: 1)
[ 2018-01-28 16:26:25 -- [92m   Info[0m ] found new nonce(1): [96m18069401650308448641[0m (thread: 1)
[ 2018-01-28 16:26:25 -- [92m   Info[0m ] starting nonce from [96m2323732381320553291[0m (thread: 1)
[ 2018-01-28 16:26:25 -- [92m   Info[0m ] found new nonce(1): [96m2323732381320553294[0m (thread: 1)
[ 2018-01-28 16:26:25 -- [92m   Info[0m ] starting nonce from [96m1452493924656956460[0m (thread: 1)
[ 2018-01-28 16:26:26 -- [92m   Info[0m ] 40 works, 36 [Work/s] (thread: 1)
[ 2018-01-28 16:26:27 -- [92m   Info[0m ] found new nonce(1): [96m1452493924656956523[0m (thread: 1)
[ 2018-01-28 16:26:27 -- [92m   Info[0m ] starting nonce from [96m2710973412973708914[0m (thread: 1)
[ 2018-01-28 16:26:27 -- [92m   Info[0m ] found new nonce(1): [96m2710973412973708928[0m (thread: 1)
[ 2018-01-28 16:26:27 -- [92m   Info[0m ] starting nonce from [96m11348045832181821869[0m (thread: 1)
[ 2018-01-28 16:26:27 -- [92m   Info[0m ] found new nonce(1): [96m11348045832181821882[0m (thread: 1)
[ 2018-01-28 16:26:27 -- [92m   Info[0m ] starting nonce from [96m13621547922590778827[0m (thread: 1)
[ 2018-01-28 16:26:29 -- [92m   Info[0m ] found new nonce(1): [96m13621547922590778881[0m (thread: 1)
[ 2018-01-28 16:26:29 -- [92m   Info[0m ] starting nonce from [96m9673507184880873168[0m (thread: 1)
[ 2018-01-28 16:26:29 -- [92m   Info[0m ] found new nonce(1): [96m9673507184880873181[0m (thread: 1)
[ 2018-01-28 16:26:29 -- [92m   Info[0m ] starting nonce from [96m12646022594579743874[0m (thread: 1)
[ 2018-01-28 16:26:29 -- [92m   Info[0m ] latest block has been updated
[ 2018-01-28 16:26:29 -- [92m   Info[0m ] set difficulty: [96m1[0m
[ 2018-01-28 16:26:29 -- [92m   Info[0m ] set latest_hash: [92m38bf854204a09ad3685ade85c9c0f08370f8235d6f8aa559a5a757d7413ac5a7[0m
[ 2018-01-28 16:26:30 -- [92m   Info[0m ] found new nonce(1): [96m12646022594579743880[0m (thread: 1)
[ 2018-01-28 16:26:30 -- [92m   Info[0m ] starting nonce from [96m4545990348384509999[0m (thread: 1)
[ 2018-01-28 16:26:30 -- [92m   Info[0m ] 1 works, 30 [Work/s] (thread: 1)
[ 2018-01-28 16:26:30 -- [92m   Info[0m ] found new nonce(1): [96m4545990348384510004[0m (thread: 1)
[ 2018-01-28 16:26:30 -- [92m   Info[0m ] starting nonce from [96m2826140357099553135[0m (thread: 1)
[ 2018-01-28 16:26:30 -- [92m   Info[0m ] found new nonce(1): [96m2826140357099553140[0m (thread: 1)
[ 2018-01-28 16:26:30 -- [92m   Info[0m ] starting nonce from [96m12058754983616534919[0m (thread: 1)
[ 2018-01-28 16:26:30 -- [92m   Info[0m ] found new nonce(1): [96m12058754983616534922[0m (thread: 1)
[ 2018-01-28 16:26:30 -- [92m   Info[0m ] starting nonce from [96m5046091461206617268[0m (thread: 1)
[ 2018-01-28 16:26:30 -- [92m   Info[0m ] found new nonce(1): [96m5046091461206617273[0m (thread: 1)
[ 2018-01-28 16:26:30 -- [92m   Info[0m ] starting nonce from [96m1156894245058380966[0m (thread: 1)
[ 2018-01-28 16:26:31 -- [92m   Info[0m ] found new nonce(1): [96m1156894245058380994[0m (thread: 1)
[ 2018-01-28 16:26:31 -- [92m   Info[0m ] starting nonce from [96m8011243700417735016[0m (thread: 1)
[ 2018-01-28 16:26:31 -- [92m   Info[0m ] found new nonce(1): [96m8011243700417735030[0m (thread: 1)
[ 2018-01-28 16:26:31 -- [92m   Info[0m ] starting nonce from [96m8434407303253960397[0m (thread: 1)
[ 2018-01-28 16:26:32 -- [92m   Info[0m ] 3 works, 33 [Work/s] (thread: 1)
[ 2018-01-28 16:26:32 -- [92m   Info[0m ] found new nonce(1): [96m8434407303253960400[0m (thread: 1)
[ 2018-01-28 16:26:32 -- [92m   Info[0m ] starting nonce from [96m12150657633831387596[0m (thread: 1)
[ 2018-01-28 16:26:32 -- [92m   Info[0m ] latest block has been updated
[ 2018-01-28 16:26:32 -- [92m   Info[0m ] set difficulty: [96m1[0m
[ 2018-01-28 16:26:32 -- [92m   Info[0m ] set latest_hash: [92m827567ece05583bdff59b7f96c7fb1a6b2496bd8cb07d4db7824aeb0c368ee50[0m
[ 2018-01-28 16:26:32 -- [92m   Info[0m ] latest block has been updated
[ 2018-01-28 16:26:32 -- [92m   Info[0m ] set difficulty: [96m1[0m
[ 2018-01-28 16:26:32 -- [92m   Info[0m ] set latest_hash: [92m827567ece05583bdff59b7f96c7fb1a6b2496bd8cb07d4db7824aeb0c368ee50[0m
[ 2018-01-28 16:26:32 -- [92m   Info[0m ] 4 works, 34 [Work/s] (thread: 1)
[ 2018-01-28 16:26:32 -- [92m   Info[0m ] found new nonce(1): [96m12150657633831387606[0m (thread: 1)
[ 2018-01-28 16:26:32 -- [92m   Info[0m ] starting nonce from [96m17940086987496254067[0m (thread: 1)
[ 2018-01-28 16:26:32 -- [92m   Info[0m ] found new nonce(1): [96m17940086987496254075[0m (thread: 1)
[ 2018-01-28 16:26:32 -- [92m   Info[0m ] starting nonce from [96m2951100201428723486[0m (thread: 1)
[ 2018-01-28 16:26:32 -- [92m   Info[0m ] found new nonce(1): [96m2951100201428723495[0m (thread: 1)
[ 2018-01-28 16:26:32 -- [92m   Info[0m ] starting nonce from [96m1972625157754781687[0m (thread: 1)
[ 2018-01-28 16:26:33 -- [92m   Info[0m ] 13 works, 34 [Work/s] (thread: 1)
[ 2018-01-28 16:26:33 -- [92m   Info[0m ] found new nonce(1): [96m1972625157754781706[0m (thread: 1)
[ 2018-01-28 16:26:33 -- [92m   Info[0m ] starting nonce from [96m11745548256619242765[0m (thread: 1)
[ 2018-01-28 16:26:33 -- [92m   Info[0m ] found new nonce(1): [96m11745548256619242765[0m (thread: 1)
[ 2018-01-28 16:26:33 -- [92m   Info[0m ] starting nonce from [96m6168907654918255199[0m (thread: 1)
[ 2018-01-28 16:26:33 -- [92m   Info[0m ] 1 works, 31 [Work/s] (thread: 1)
[ 2018-01-28 16:26:33 -- [92m   Info[0m ] latest block has been updated
[ 2018-01-28 16:26:33 -- [92m   Info[0m ] set difficulty: [96m1[0m
[ 2018-01-28 16:26:33 -- [92m   Info[0m ] set latest_hash: [92m068337fa3939f13e57fe9b5e8f1b411ab33a90d2ad8507468d71dc498cf6b145[0m
[ 2018-01-28 16:26:34 -- [92m   Info[0m ] found new nonce(1): [96m6168907654918255227[0m (thread: 1)
[ 2018-01-28 16:26:34 -- [92m   Info[0m ] starting nonce from [96m16499513659384917922[0m (thread: 1)
[ 2018-01-28 16:26:35 -- [92m   Info[0m ] found new nonce(1): [96m16499513659384917947[0m (thread: 1)
[ 2018-01-28 16:26:35 -- [92m   Info[0m ] starting nonce from [96m2927570938778131176[0m (thread: 1)
[ 2018-01-28 16:26:35 -- [92m   Info[0m ] found new nonce(1): [96m2927570938778131177[0m (thread: 1)
[ 2018-01-28 16:26:35 -- [92m   Info[0m ] starting nonce from [96m3028842731209552522[0m (thread: 1)
[ 2018-01-28 16:26:35 -- [92m   Info[0m ] found new nonce(1): [96m3028842731209552524[0m (thread: 1)
[ 2018-01-28 16:26:35 -- [92m   Info[0m ] starting nonce from [96m4252657762062841758[0m (thread: 1)
[ 2018-01-28 16:26:35 -- [92m   Info[0m ] found new nonce(1): [96m4252657762062841765[0m (thread: 1)
[ 2018-01-28 16:26:35 -- [92m   Info[0m ] starting nonce from [96m3091789970045388770[0m (thread: 1)
[ 2018-01-28 16:26:35 -- [92m   Info[0m ] found new nonce(1): [96m3091789970045388786[0m (thread: 1)
[ 2018-01-28 16:26:35 -- [92m   Info[0m ] starting nonce from [96m2396097939616124461[0m (thread: 1)
[ 2018-01-28 16:26:36 -- [92m   Info[0m ] found new nonce(1): [96m2396097939616124494[0m (thread: 1)
[ 2018-01-28 16:26:36 -- [92m   Info[0m ] starting nonce from [96m9980852268761850713[0m (thread: 1)
[ 2018-01-28 16:26:37 -- [92m   Info[0m ] found new nonce(1): [96m9980852268761850729[0m (thread: 1)
[ 2018-01-28 16:26:37 -- [92m   Info[0m ] starting nonce from [96m15261863623778861564[0m (thread: 1)
[ 2018-01-28 16:26:37 -- [92m   Info[0m ] found new nonce(1): [96m15261863623778861575[0m (thread: 1)
[ 2018-01-28 16:26:37 -- [92m   Info[0m ] starting nonce from [96m1473902267292087933[0m (thread: 1)
[ 2018-01-28 16:26:37 -- [92m   Info[0m ] found new nonce(1): [96m1473902267292087934[0m (thread: 1)
[ 2018-01-28 16:26:37 -- [92m   Info[0m ] starting nonce from [96m17340811067531334156[0m (thread: 1)
[ 2018-01-28 16:26:37 -- [92m   Info[0m ] latest block has been updated
[ 2018-01-28 16:26:37 -- [92m   Info[0m ] set difficulty: [96m1[0m
[ 2018-01-28 16:26:37 -- [92m   Info[0m ] set latest_hash: [92me4be020a70b7a8701dd20afd2bb4718935f6a2edb3f4fc67b85396c182699b57[0m
[ 2018-01-28 16:26:38 -- [92m   Info[0m ] found new nonce(1): [96m17340811067531334165[0m (thread: 1)
[ 2018-01-28 16:26:38 -- [92m   Info[0m ] starting nonce from [96m9069039838183982282[0m (thread: 1)
[ 2018-01-28 16:26:38 -- [92m   Info[0m ] latest block has been updated
[ 2018-01-28 16:26:38 -- [92m   Info[0m ] set difficulty: [96m1[0m
[ 2018-01-28 16:26:38 -- [92m   Info[0m ] set latest_hash: [92mff64f68ad0a77ec87cc69c84bc0d993c377584d44218bd3f324e0c296242a42e[0m
[ 2018-01-28 16:26:38 -- [92m   Info[0m ] found new nonce(1): [96m9069039838183982297[0m (thread: 1)
[ 2018-01-28 16:26:38 -- [92m   Info[0m ] starting nonce from [96m5222460972385568787[0m (thread: 1)
[ 2018-01-28 16:26:38 -- [92m   Info[0m ] 13 works, 34 [Work/s] (thread: 1)
[ 2018-01-28 16:26:39 -- [92m   Info[0m ] found new nonce(1): [96m5222460972385568804[0m (thread: 1)
[ 2018-01-28 16:26:39 -- [92m   Info[0m ] starting nonce from [96m5111808919011409802[0m (thread: 1)
[ 2018-01-28 16:26:39 -- [92m   Info[0m ] found new nonce(1): [96m5111808919011409807[0m (thread: 1)
[ 2018-01-28 16:26:39 -- [92m   Info[0m ] starting nonce from [96m184156154806257758[0m (thread: 1)
[ 2018-01-28 16:26:39 -- [92m   Info[0m ] found new nonce(1): [96m184156154806257760[0m (thread: 1)
[ 2018-01-28 16:26:39 -- [92m   Info[0m ] starting nonce from [96m3060298546359580254[0m (thread: 1)
[ 2018-01-28 16:26:39 -- [92m   Info[0m ] found new nonce(1): [96m3060298546359580258[0m (thread: 1)
[ 2018-01-28 16:26:39 -- [92m   Info[0m ] starting nonce from [96m11701862773773935969[0m (thread: 1)
[ 2018-01-28 16:26:39 -- [92m   Info[0m ] found new nonce(1): [96m11701862773773935970[0m (thread: 1)
[ 2018-01-28 16:26:39 -- [92m   Info[0m ] starting nonce from [96m133890333116821176[0m (thread: 1)
[ 2018-01-28 16:26:40 -- [92m   Info[0m ] 24 works, 37 [Work/s] (thread: 1)
[ 2018-01-28 16:26:40 -- [92m   Info[0m ] found new nonce(1): [96m133890333116821210[0m (thread: 1)
[ 2018-01-28 16:26:40 -- [92m   Info[0m ] starting nonce from [96m10375684570705451899[0m (thread: 1)
[ 2018-01-28 16:26:40 -- [92m   Info[0m ] 1 works, 35 [Work/s] (thread: 1)
[ 2018-01-28 16:26:40 -- [92m   Info[0m ] found new nonce(1): [96m10375684570705451905[0m (thread: 1)
[ 2018-01-28 16:26:40 -- [92m   Info[0m ] starting nonce from [96m7063794854511322700[0m (thread: 1)
[ 2018-01-28 16:26:41 -- [92m   Info[0m ] found new nonce(1): [96m7063794854511322723[0m (thread: 1)
[ 2018-01-28 16:26:41 -- [92m   Info[0m ] starting nonce from [96m17195376591391209834[0m (thread: 1)
[ 2018-01-28 16:26:42 -- [92m   Info[0m ] found new nonce(1): [96m17195376591391209865[0m (thread: 1)
[ 2018-01-28 16:26:42 -- [92m   Info[0m ] starting nonce from [96m2082516050487085916[0m (thread: 1)
[ 2018-01-28 16:26:43 -- [92m   Info[0m ] latest block has been updated
[ 2018-01-28 16:26:43 -- [92m   Info[0m ] set difficulty: [96m1[0m
[ 2018-01-28 16:26:43 -- [92m   Info[0m ] set latest_hash: [92m5747ecc184ce59c98ba6840b407b930c15d26e0df40a56eceb29811038d64134[0m
[ 2018-01-28 16:26:43 -- [92m   Info[0m ] found new nonce(1): [96m2082516050487085965[0m (thread: 1)
[ 2018-01-28 16:26:43 -- [92m   Info[0m ] starting nonce from [96m16999436790640844904[0m (thread: 1)
[ 2018-01-28 16:26:44 -- [92m   Info[0m ] found new nonce(1): [96m16999436790640844928[0m (thread: 1)
[ 2018-01-28 16:26:44 -- [92m   Info[0m ] starting nonce from [96m13484465841627014922[0m (thread: 1)
[ 2018-01-28 16:26:44 -- [92m   Info[0m ] found new nonce(1): [96m13484465841627014924[0m (thread: 1)
[ 2018-01-28 16:26:44 -- [92m   Info[0m ] starting nonce from [96m16227582030779424310[0m (thread: 1)
[ 2018-01-28 16:26:45 -- [92m   Info[0m ] found new nonce(1): [96m16227582030779424348[0m (thread: 1)
[ 2018-01-28 16:26:45 -- [92m   Info[0m ] starting nonce from [96m16080482611343032489[0m (thread: 1)
[ 2018-01-28 16:26:45 -- [92m   Info[0m ] found new nonce(1): [96m16080482611343032494[0m (thread: 1)
[ 2018-01-28 16:26:45 -- [92m   Info[0m ] starting nonce from [96m3115691317995622040[0m (thread: 1)
[ 2018-01-28 16:26:46 -- [92m   Info[0m ] found new nonce(1): [96m3115691317995622068[0m (thread: 1)
[ 2018-01-28 16:26:46 -- [92m   Info[0m ] starting nonce from [96m16088136086635355857[0m (thread: 1)
[ 2018-01-28 16:26:46 -- [92m   Info[0m ] found new nonce(1): [96m16088136086635355858[0m (thread: 1)
[ 2018-01-28 16:26:46 -- [92m   Info[0m ] starting nonce from [96m17966954418512807923[0m (thread: 1)
[ 2018-01-28 16:26:47 -- [92m   Info[0m ] latest block has been updated
[ 2018-01-28 16:26:47 -- [92m   Info[0m ] set difficulty: [96m1[0m
[ 2018-01-28 16:26:47 -- [92m   Info[0m ] set latest_hash: [92m65807f4514010ce4fd9ca8ac99b88491de5b4954e8262738981bb0ce035496d9[0m
[ 2018-01-28 16:26:47 -- [92m   Info[0m ] found new nonce(1): [96m17966954418512807961[0m (thread: 1)
[ 2018-01-28 16:26:47 -- [92m   Info[0m ] starting nonce from [96m12308625437962974097[0m (thread: 1)
[ 2018-01-28 16:26:47 -- [92m   Info[0m ] 3 works, 37 [Work/s] (thread: 1)
